#
# There is insufficient memory for the Java Runtime Environment to continue.
# Native memory allocation (mmap) failed to map 67108864 bytes for G1 virtual space
# Possible reasons:
#   The system is out of physical RAM or swap space
#   The process is running with CompressedOops enabled, and the Java Heap may be blocking the growth of the native heap
# Possible solutions:
#   Reduce memory load on the system
#   Increase physical memory or swap space
#   Check if swap backing store is full
#   Decrease Java heap size (-Xmx/-Xms)
#   Decrease number of Java threads
#   Decrease Java thread stack sizes (-Xss)
#   Set larger code cache with -XX:ReservedCodeCacheSize=
#   JVM is running with Unscaled Compressed Oops mode in which the Java heap is
#     placed in the first 4GB address space. The Java Heap base address is the
#     maximum limit for the native heap growth. Please use -XX:HeapBaseMinAddress
#     to set the Java Heap base and to place the Java Heap above 4GB virtual address.
# This output file may be truncated or incomplete.
#
#  Out of Memory Error (os_windows.cpp:3527), pid=14996, tid=14512
#
# JRE version:  (19.0+36) (build )
# Java VM: Java HotSpot(TM) 64-Bit Server VM (19+36-2238, mixed mode, sharing, tiered, compressed oops, compressed class ptrs, g1 gc, windows-amd64)
# No core dump will be written. Minidumps are not enabled by default on client versions of Windows
#

---------------  S U M M A R Y ------------

Command Line: -Dfile.encoding=UTF-8 --module-path=C:\Users\dc\Documents\NetBeansProjects\QUIZ Application\build\classes quiz.application.Quiz

Host: Intel(R) Core(TM) i3-7130U CPU @ 2.70GHz, 4 cores, 3G,  Windows 10 , 64 bit Build 14393 (10.0.14393.0)
Time: Wed Mar 22 23:47:29 2023 India Standard Time elapsed time: 0.121398 seconds (0d 0h 0m 0s)

---------------  T H R E A D  ---------------

Current thread (0x000001f20260fd40):  JavaThread "Unknown thread" [_thread_in_vm, id=14512, stack(0x0000006b75400000,0x0000006b75500000)]

Stack: [0x0000006b75400000,0x0000006b75500000]
Native frames: (J=compiled Java code, j=interpreted, Vv=VM code, C=native code)
V  [jvm.dll+0x6ee8fa]
V  [jvm.dll+0x857a1e]
V  [jvm.dll+0x85940e]
V  [jvm.dll+0x859ac3]
V  [jvm.dll+0x28291f]
V  [jvm.dll+0x6eb6e9]
V  [jvm.dll+0x6e028a]
V  [jvm.dll+0x357136]
V  [jvm.dll+0x35eb96]
V  [jvm.dll+0x3b555e]
V  [jvm.dll+0x3b578f]
V  [jvm.dll+0x32c6ea]
V  [jvm.dll+0x32d59e]
V  [jvm.dll+0x821b20]
V  [jvm.dll+0x3c27c1]
V  [jvm.dll+0x8022f1]
V  [jvm.dll+0x44b30f]
V  [jvm.dll+0x44cc91]
C  [jli.dll+0x5287]
C  [ucrtbase.dll+0x1cab0]
C  [KERNEL32.DLL+0x8364]
C  [ntdll.dll+0x65e91]


---------------  P R O C E S S  ---------------

Threads class SMR info:
_java_thread_list=0x00007ffc178dd048, length=0, elements={
}

Java Threads: ( => current thread )

Other Threads:
  0x000001f202651690 WorkerThread "GC Thread#0" [stack: 0x0000006b75500000,0x0000006b75600000] [id=15644]
  0x000001f20265a2e0 ConcurrentGCThread "G1 Main Marker" [stack: 0x0000006b75600000,0x0000006b75700000] [id=15468]
  0x000001f20265b7e0 WorkerThread "G1 Conc#0" [stack: 0x0000006b75700000,0x0000006b75800000] [id=15668]

[error occurred during error reporting (printing all threads), id 0xc0000005, EXCEPTION_ACCESS_VIOLATION (0xc0000005) at pc=0x00007ffc1709d127]

VM state: not at safepoint (not fully initialized)

VM Mutex/Monitor currently owned by a thread:  ([mutex/lock_event])
[0x000001f20260f940] Heap_lock - owner thread: 0x000001f20260fd40

Heap address: 0x00000000c1e00000, size: 994 MB, Compressed Oops mode: 32-bit

CDS archive(s) mapped at: [0x0000000000000000-0x0000000000000000-0x0000000000000000), size 0, SharedBaseAddress: 0x0000000800000000, ArchiveRelocationMode: 0.
Narrow klass base: 0x0000000000000000, Narrow klass shift: 0, Narrow klass range: 0x0

GC Precious Log:
 CardTable entry size: 512
 Card Set container configuration: InlinePtr #cards 5 size 8 Array Of Cards #cards 12 size 40 Howl #buckets 4 coarsen threshold 1843 Howl Bitmap #cards 512 size 80 coarsen threshold 460 Card regions per heap region 1 cards per card region 2048

Heap:
 garbage-first heap   total 0K, used 0K [0x00000000c1e00000, 0x0000000100000000)
  region size 1024K, 0 young (0K), 0 survivors (0K)

[error occurred during error reporting (printing heap information), id 0xc0000005, EXCEPTION_ACCESS_VIOLATION (0xc0000005) at pc=0x00007ffc174a6959]

GC Heap History (0 events):
No events

Dll operation events (1 events):
Event: 0.006 Loaded shared library C:\Program Files\Java\jdk-19\bin\java.dll

Deoptimization events (0 events):
No events

Classes loaded (0 events):
No events

Classes unloaded (0 events):
No events

Classes redefined (0 events):
No events

Internal exceptions (0 events):
No events

VM Operations (0 events):
No events

Events (0 events):
No events


Dynamic libraries:
0x00007ff7ad270000 - 0x00007ff7ad280000 	C:\Program Files\Java\jdk-19\bin\java.exe
0x00007ffc2afb0000 - 0x00007ffc2b181000 	C:\Windows\SYSTEM32\ntdll.dll
0x00007ffc2af00000 - 0x00007ffc2afab000 	C:\Windows\System32\KERNEL32.DLL
0x00007ffc27780000 - 0x00007ffc2799d000 	C:\Windows\System32\KERNELBASE.dll
0x00007ffc274a0000 - 0x00007ffc27595000 	C:\Windows\System32\ucrtbase.dll
0x00007ffc14870000 - 0x00007ffc14888000 	C:\Program Files\Java\jdk-19\bin\jli.dll
0x00007ffc1c370000 - 0x00007ffc1c38b000 	C:\Program Files\Java\jdk-19\bin\VCRUNTIME140.dll
0x00007ffc28e90000 - 0x00007ffc28f32000 	C:\Windows\System32\ADVAPI32.dll
0x00007ffc28f40000 - 0x00007ffc28fde000 	C:\Windows\System32\msvcrt.dll
0x00007ffc29990000 - 0x00007ffc299e9000 	C:\Windows\System32\sechost.dll
0x00007ffc29860000 - 0x00007ffc29981000 	C:\Windows\System32\RPCRT4.dll
0x00007ffc29610000 - 0x00007ffc29775000 	C:\Windows\System32\USER32.dll
0x00007ffc27be0000 - 0x00007ffc27bfe000 	C:\Windows\System32\win32u.dll
0x00007ffc1cc50000 - 0x00007ffc1cec9000 	C:\Windows\WinSxS\amd64_microsoft.windows.common-controls_6595b64144ccf1df_6.0.14393.447_none_42191651c6827bb3\COMCTL32.dll
0x00007ffc297b0000 - 0x00007ffc297e4000 	C:\Windows\System32\GDI32.dll
0x00007ffc28680000 - 0x00007ffc28947000 	C:\Windows\System32\combase.dll
0x00007ffc275a0000 - 0x00007ffc27722000 	C:\Windows\System32\gdi32full.dll
0x00007ffc279a0000 - 0x00007ffc27a0a000 	C:\Windows\System32\bcryptPrimitives.dll
0x00007ffc19f80000 - 0x00007ffc19f8a000 	C:\Windows\SYSTEM32\VERSION.dll
0x00007ffc29780000 - 0x00007ffc297ae000 	C:\Windows\System32\IMM32.DLL
0x00007ffc1dac0000 - 0x00007ffc1dacc000 	C:\Program Files\Java\jdk-19\bin\vcruntime140_1.dll
0x00007ffc16a50000 - 0x00007ffc16ade000 	C:\Program Files\Java\jdk-19\bin\msvcp140.dll
0x00007ffc16d60000 - 0x00007ffc17a20000 	C:\Program Files\Java\jdk-19\bin\server\jvm.dll
0x00007ffc24e10000 - 0x00007ffc24e33000 	C:\Windows\SYSTEM32\WINMM.dll
0x00007ffc1c5b0000 - 0x00007ffc1c5b9000 	C:\Windows\SYSTEM32\WSOCK32.dll
0x00007ffc28fe0000 - 0x00007ffc2904a000 	C:\Windows\System32\WS2_32.dll
0x00007ffc24de0000 - 0x00007ffc24e0b000 	C:\Windows\SYSTEM32\WINMMBASE.dll
0x00007ffc27730000 - 0x00007ffc27772000 	C:\Windows\System32\cfgmgr32.dll
0x00007ffc27490000 - 0x00007ffc2749f000 	C:\Windows\System32\kernel.appcore.dll
0x00007ffc1c360000 - 0x00007ffc1c36a000 	C:\Program Files\Java\jdk-19\bin\jimage.dll
0x00007ffc26fe0000 - 0x00007ffc27172000 	C:\Windows\SYSTEM32\DBGHELP.DLL
0x00007ffc26f30000 - 0x00007ffc26f59000 	C:\Windows\SYSTEM32\dbgcore.DLL
0x00007ffc1bd10000 - 0x00007ffc1bd36000 	C:\Program Files\Java\jdk-19\bin\java.dll

dbghelp: loaded successfully - version: 4.0.5 - missing functions: none
symbol engine: initialized successfully - sym options: 0x614 - pdb path: .;C:\Program Files\Java\jdk-19\bin;C:\Windows\SYSTEM32;C:\Windows\WinSxS\amd64_microsoft.windows.common-controls_6595b64144ccf1df_6.0.14393.447_none_42191651c6827bb3;C:\Program Files\Java\jdk-19\bin\server

VM Arguments:
jvm_args: -Dfile.encoding=UTF-8 --module-path=C:\Users\dc\Documents\NetBeansProjects\QUIZ Application\build\classes 
java_command: quiz.application.Quiz
java_class_path (initial): C:\Users\dc\Documents\NetBeansProjects\QUIZ Application\build\classes
Launcher Type: SUN_STANDARD

[Global flags]
     intx CICompilerCount                          = 3                                         {product} {ergonomic}
     uint ConcGCThreads                            = 1                                         {product} {ergonomic}
     uint G1ConcRefinementThreads                  = 4                                         {product} {ergonomic}
   size_t G1HeapRegionSize                         = 1048576                                   {product} {ergonomic}
    uintx GCDrainStackTargetSize                   = 64                                        {product} {ergonomic}
   size_t InitialHeapSize                          = 67108864                                  {product} {ergonomic}
   size_t MarkStackSize                            = 4194304                                   {product} {ergonomic}
   size_t MaxHeapSize                              = 1042284544                                {product} {ergonomic}
   size_t MinHeapDeltaBytes                        = 1048576                                   {product} {ergonomic}
   size_t MinHeapSize                              = 8388608                                   {product} {ergonomic}
    uintx NonNMethodCodeHeapSize                   = 5832780                                {pd product} {ergonomic}
    uintx NonProfiledCodeHeapSize                  = 122912730                              {pd product} {ergonomic}
    uintx ProfiledCodeHeapSize                     = 122912730                              {pd product} {ergonomic}
    uintx ReservedCodeCacheSize                    = 251658240                              {pd product} {ergonomic}
     bool SegmentedCodeCache                       = true                                      {product} {ergonomic}
   size_t SoftMaxHeapSize                          = 1042284544                             {manageable} {ergonomic}
     bool UseCompressedClassPointers               = true                           {product lp64_product} {ergonomic}
     bool UseCompressedOops                        = true                           {product lp64_product} {ergonomic}
     bool UseG1GC                                  = true                                      {product} {ergonomic}
     bool UseLargePagesIndividualAllocation        = false                                  {pd product} {ergonomic}

Logging:
Log output configuration:
 #0: stdout all=warning uptime,level,tags foldmultilines=false
 #1: stderr all=off uptime,level,tags foldmultilines=false

Environment Variables:
JAVA_HOME=C:\Program Files\Java\jdk-14
PATH=C:\Program Files\Common Files\Oracle\Java\javapath;C:\Windows\system32;C:\Windows;C:\Windows\System32\Wbem;C:\Windows\System32\WindowsPowerShell\v1.0\;C:\MinGW\bin;C:\Program Files\java\jdk-14\bin;C:\Program Files\Java\jdk-19\bin;C:\Program Files\MySQL\MySQL Server 8.0\bin;C:\Program Files\MySQL\MySQL Shell 8.0\bin\;C:\Users\dc\AppData\Local\Microsoft\WindowsApps;C:\Program Files\JetBrains\IntelliJ IDEA Community Edition 2022.2.3\bin;;C:\Users\dc\AppData\Local\Programs\Microsoft VS Code\bin;
USERNAME=dc
OS=Windows_NT
PROCESSOR_IDENTIFIER=Intel64 Family 6 Model 142 Stepping 9, GenuineIntel
TMP=C:\Users\dc\AppData\Local\Temp
TEMP=C:\Users\dc\AppData\Local\Temp



---------------  S Y S T E M  ---------------

OS:
 Windows 10 , 64 bit Build 14393 (10.0.14393.0)
OS uptime: 1 days 4:45 hours

CPU: total 4 (initial active 4) (2 cores per cpu, 2 threads per core) family 6 model 142 stepping 9 microcode 0x84, cx8, cmov, fxsr, ht, mmx, 3dnowpref, sse, sse2, sse3, ssse3, sse4.1, sse4.2, popcnt, lzcnt, tsc, tscinvbit, avx, avx2, aes, erms, clmul, bmi1, bmi2, adx, fma, vzeroupper, clflush, clflushopt, rdtscp

Memory: 4k page, system-wide physical 3973M (542M free)
TotalPageFile size 16247M (AvailPageFile size 53M)
current process WorkingSet (physical memory assigned to process): 10M, peak: 10M
current process commit charge ("private bytes"): 51M, peak: 115M

vm_info: Java HotSpot(TM) 64-Bit Server VM (19+36-2238) for windows-amd64 JRE (19+36-2238), built on 2022-08-12T20:29:01Z by "mach5one" with MS VC++ 17.1 (VS2022)

END.
