#
# There is insufficient memory for the Java Runtime Environment to continue.
# Native memory allocation (malloc) failed to allocate 53168 bytes for Chunk::new
# Possible reasons:
#   The system is out of physical RAM or swap space
#   The process is running with CompressedOops enabled, and the Java Heap may be blocking the growth of the native heap
# Possible solutions:
#   Reduce memory load on the system
#   Increase physical memory or swap space
#   Check if swap backing store is full
#   Decrease Java heap size (-Xmx/-Xms)
#   Decrease number of Java threads
#   Decrease Java thread stack sizes (-Xss)
#   Set larger code cache with -XX:ReservedCodeCacheSize=
#   JVM is running with Unscaled Compressed Oops mode in which the Java heap is
#     placed in the first 4GB address space. The Java Heap base address is the
#     maximum limit for the native heap growth. Please use -XX:HeapBaseMinAddress
#     to set the Java Heap base and to place the Java Heap above 4GB virtual address.
# This output file may be truncated or incomplete.
#
#  Out of Memory Error (arena.cpp:184), pid=15752, tid=15788
#
# JRE version: Java(TM) SE Runtime Environment (19.0+36) (build 19+36-2238)
# Java VM: Java HotSpot(TM) 64-Bit Server VM (19+36-2238, mixed mode, sharing, tiered, compressed oops, compressed class ptrs, g1 gc, windows-amd64)
# No core dump will be written. Minidumps are not enabled by default on client versions of Windows
#

---------------  S U M M A R Y ------------

Command Line: -Dfile.encoding=UTF-8 --module-path=C:\Users\dc\Documents\NetBeansProjects\QUIZ Application\build\classes quiz.application.Quiz

Host: Intel(R) Core(TM) i3-7130U CPU @ 2.70GHz, 4 cores, 3G,  Windows 10 , 64 bit Build 14393 (10.0.14393.0)
Time: Thu Mar 23 00:07:25 2023 India Standard Time elapsed time: 0.256823 seconds (0d 0h 0m 0s)

---------------  T H R E A D  ---------------

Current thread (0x000001f00b973f90):  JavaThread "main" [_thread_in_vm, id=15788, stack(0x0000002178f00000,0x0000002179000000)]

Stack: [0x0000002178f00000,0x0000002179000000]
Native frames: (J=compiled Java code, j=interpreted, Vv=VM code, C=native code)
V  [jvm.dll+0x6ee8fa]
V  [jvm.dll+0x857a1e]
V  [jvm.dll+0x85940e]
V  [jvm.dll+0x859ac3]
V  [jvm.dll+0x28291f]
V  [jvm.dll+0xc9b5f]
V  [jvm.dll+0xc9ee5]
V  [jvm.dll+0x226718]
V  [jvm.dll+0x225556]
V  [jvm.dll+0x7ccb72]
V  [jvm.dll+0x7cdfba]
V  [jvm.dll+0x7ce2e8]
V  [jvm.dll+0x271d6b]
V  [jvm.dll+0x3da3de]
C  0x000001f01ae2d31d

Java frames: (J=compiled Java code, j=interpreted, Vv=VM code)
j  javax.swing.UIManager.setLookAndFeel(Ljava/lang/String;)V+9 java.desktop@19
j  javax.swing.UIManager.initializeDefaultLAF(Ljava/util/Properties;)V+58 java.desktop@19
j  javax.swing.UIManager.initialize()V+9 java.desktop@19
j  javax.swing.UIManager.maybeInitialize()V+22 java.desktop@19
j  javax.swing.UIManager.getUI(Ljavax/swing/JComponent;)Ljavax/swing/plaf/ComponentUI;+0 java.desktop@19
j  javax.swing.JPanel.updateUI()V+2 java.desktop@19
j  javax.swing.JPanel.<init>(Ljava/awt/LayoutManager;Z)V+24 java.desktop@19
j  javax.swing.JPanel.<init>(Z)V+9 java.desktop@19
j  javax.swing.JPanel.<init>()V+2 java.desktop@19
j  javax.swing.JRootPane.createGlassPane()Ljava/awt/Component;+4 java.desktop@19
j  javax.swing.JRootPane.<init>()V+11 java.desktop@19
j  javax.swing.JFrame.createRootPane()Ljavax/swing/JRootPane;+4 java.desktop@19
j  javax.swing.JFrame.frameInit()V+16 java.desktop@19
j  javax.swing.JFrame.<init>()V+20 java.desktop@19
j  quiz.application.Quiz.<init>()V+1
j  quiz.application.Quiz.main([Ljava/lang/String;)V+4
v  ~StubRoutines::call_stub 0x000001f01ae0100e

---------------  P R O C E S S  ---------------

Threads class SMR info:
_java_thread_list=0x000001f02b758020, length=15, elements={
0x000001f00b973f90, 0x000001f0272482c0, 0x000001f027248eb0, 0x000001f02724b9f0,
0x000001f02724d330, 0x000001f02724edb0, 0x000001f02724fc70, 0x000001f027251490,
0x000001f027254b10, 0x000001f0272d1d50, 0x000001f02b533b00, 0x000001f02b613080,
0x000001f02b7595b0, 0x000001f02b759af0, 0x000001f02b75a440
}

Java Threads: ( => current thread )
=>0x000001f00b973f90 JavaThread "main" [_thread_in_vm, id=15788, stack(0x0000002178f00000,0x0000002179000000)]
  0x000001f0272482c0 JavaThread "Reference Handler" daemon [_thread_blocked, id=5092, stack(0x0000002179600000,0x0000002179700000)]
  0x000001f027248eb0 JavaThread "Finalizer" daemon [_thread_blocked, id=920, stack(0x0000002179700000,0x0000002179800000)]
  0x000001f02724b9f0 JavaThread "Signal Dispatcher" daemon [_thread_blocked, id=8716, stack(0x0000002179800000,0x0000002179900000)]
  0x000001f02724d330 JavaThread "Attach Listener" daemon [_thread_blocked, id=15504, stack(0x0000002179900000,0x0000002179a00000)]
  0x000001f02724edb0 JavaThread "Service Thread" daemon [_thread_blocked, id=14492, stack(0x0000002179a00000,0x0000002179b00000)]
  0x000001f02724fc70 JavaThread "Monitor Deflation Thread" daemon [_thread_blocked, id=15868, stack(0x0000002179b00000,0x0000002179c00000)]
  0x000001f027251490 JavaThread "C2 CompilerThread0" daemon [_thread_blocked, id=16304, stack(0x0000002179c00000,0x0000002179d00000)]
  0x000001f027254b10 JavaThread "C1 CompilerThread0" daemon [_thread_blocked, id=16212, stack(0x0000002179d00000,0x0000002179e00000)]
  0x000001f0272d1d50 JavaThread "Sweeper thread" daemon [_thread_blocked, id=14740, stack(0x0000002179e00000,0x0000002179f00000)]
  0x000001f02b533b00 JavaThread "Common-Cleaner" daemon [_thread_blocked, id=16248, stack(0x0000002179f00000,0x000000217a000000)]
  0x000001f02b613080 JavaThread "Notification Thread" daemon [_thread_blocked, id=16060, stack(0x000000217a000000,0x000000217a100000)]
  0x000001f02b7595b0 JavaThread "Java2D Disposer" daemon [_thread_blocked, id=16228, stack(0x000000217a200000,0x000000217a300000)]
  0x000001f02b759af0 JavaThread "AWT-Shutdown" [_thread_blocked, id=13748, stack(0x000000217a300000,0x000000217a400000)]
  0x000001f02b75a440 JavaThread "AWT-Windows" daemon [_thread_in_native, id=2528, stack(0x000000217a400000,0x000000217a500000)]

Other Threads:
  0x000001f00ba338c0 VMThread "VM Thread" [stack: 0x0000002179500000,0x0000002179600000] [id=12116]
  0x000001f02b6135c0 WatcherThread "VM Periodic Task Thread" [stack: 0x000000217a100000,0x000000217a200000] [id=2636]
  0x000001f00b9b48a0 WorkerThread "GC Thread#0" [stack: 0x0000002179000000,0x0000002179100000] [id=15772]
  0x000001f00b9bd4e0 ConcurrentGCThread "G1 Main Marker" [stack: 0x0000002179100000,0x0000002179200000] [id=15776]
  0x000001f00b9be9d0 WorkerThread "G1 Conc#0" [stack: 0x0000002179200000,0x0000002179300000] [id=15784]
  0x000001f00ba0f630 ConcurrentGCThread "G1 Refine#0" [stack: 0x0000002179300000,0x0000002179400000] [id=15744]
  0x000001f00ba10070 ConcurrentGCThread "G1 Service" [stack: 0x0000002179400000,0x0000002179500000] [id=15740]

Threads with active compile tasks:

VM state: not at safepoint (normal execution)

VM Mutex/Monitor currently owned by a thread: None

Heap address: 0x00000000c1e00000, size: 994 MB, Compressed Oops mode: 32-bit

CDS archive(s) mapped at: [0x0000000800000000-0x0000000800c40000-0x0000000800c40000), size 12845056, SharedBaseAddress: 0x0000000800000000, ArchiveRelocationMode: 0.
Compressed class space mapped at: 0x0000000801000000-0x0000000841000000, reserved size: 1073741824
Narrow klass base: 0x0000000800000000, Narrow klass shift: 0, Narrow klass range: 0x100000000

GC Precious Log:
 CardTable entry size: 512
 Card Set container configuration: InlinePtr #cards 5 size 8 Array Of Cards #cards 12 size 40 Howl #buckets 4 coarsen threshold 1843 Howl Bitmap #cards 512 size 80 coarsen threshold 460 Card regions per heap region 1 cards per card region 2048
 CPUs: 4 total, 4 available
 Memory: 3973M
 Large Page Support: Disabled
 NUMA Support: Disabled
 Compressed Oops: Enabled (32-bit)
 Heap Region Size: 1M
 Heap Min Capacity: 8M
 Heap Initial Capacity: 64M
 Heap Max Capacity: 994M
 Pre-touch: Disabled
 Parallel Workers: 4
 Concurrent Workers: 1
 Concurrent Refinement Workers: 4
 Periodic GC: Disabled

Heap:
 garbage-first heap   total 65536K, used 4096K [0x00000000c1e00000, 0x0000000100000000)
  region size 1024K, 5 young (5120K), 0 survivors (0K)
 Metaspace       used 3380K, committed 3520K, reserved 1114112K
  class space    used 328K, committed 384K, reserved 1048576K

Heap Regions: E=young(eden), S=young(survivor), O=old, HS=humongous(starts), HC=humongous(continues), CS=collection set, F=free, OA=open archive, CA=closed archive, TAMS=top-at-mark-start (previous, next)
|   0|0x00000000c1e00000, 0x00000000c1e00000, 0x00000000c1f00000|  0%| F|  |TAMS 0x00000000c1e00000, 0x00000000c1e00000| Untracked 
|   1|0x00000000c1f00000, 0x00000000c1f00000, 0x00000000c2000000|  0%| F|  |TAMS 0x00000000c1f00000, 0x00000000c1f00000| Untracked 
|   2|0x00000000c2000000, 0x00000000c2000000, 0x00000000c2100000|  0%| F|  |TAMS 0x00000000c2000000, 0x00000000c2000000| Untracked 
|   3|0x00000000c2100000, 0x00000000c2100000, 0x00000000c2200000|  0%| F|  |TAMS 0x00000000c2100000, 0x00000000c2100000| Untracked 
|   4|0x00000000c2200000, 0x00000000c2200000, 0x00000000c2300000|  0%| F|  |TAMS 0x00000000c2200000, 0x00000000c2200000| Untracked 
|   5|0x00000000c2300000, 0x00000000c2300000, 0x00000000c2400000|  0%| F|  |TAMS 0x00000000c2300000, 0x00000000c2300000| Untracked 
|   6|0x00000000c2400000, 0x00000000c2400000, 0x00000000c2500000|  0%| F|  |TAMS 0x00000000c2400000, 0x00000000c2400000| Untracked 
|   7|0x00000000c2500000, 0x00000000c2500000, 0x00000000c2600000|  0%| F|  |TAMS 0x00000000c2500000, 0x00000000c2500000| Untracked 
|   8|0x00000000c2600000, 0x00000000c2600000, 0x00000000c2700000|  0%| F|  |TAMS 0x00000000c2600000, 0x00000000c2600000| Untracked 
|   9|0x00000000c2700000, 0x00000000c2700000, 0x00000000c2800000|  0%| F|  |TAMS 0x00000000c2700000, 0x00000000c2700000| Untracked 
|  10|0x00000000c2800000, 0x00000000c2800000, 0x00000000c2900000|  0%| F|  |TAMS 0x00000000c2800000, 0x00000000c2800000| Untracked 
|  11|0x00000000c2900000, 0x00000000c2900000, 0x00000000c2a00000|  0%| F|  |TAMS 0x00000000c2900000, 0x00000000c2900000| Untracked 
|  12|0x00000000c2a00000, 0x00000000c2a00000, 0x00000000c2b00000|  0%| F|  |TAMS 0x00000000c2a00000, 0x00000000c2a00000| Untracked 
|  13|0x00000000c2b00000, 0x00000000c2b00000, 0x00000000c2c00000|  0%| F|  |TAMS 0x00000000c2b00000, 0x00000000c2b00000| Untracked 
|  14|0x00000000c2c00000, 0x00000000c2c00000, 0x00000000c2d00000|  0%| F|  |TAMS 0x00000000c2c00000, 0x00000000c2c00000| Untracked 
|  15|0x00000000c2d00000, 0x00000000c2d00000, 0x00000000c2e00000|  0%| F|  |TAMS 0x00000000c2d00000, 0x00000000c2d00000| Untracked 
|  16|0x00000000c2e00000, 0x00000000c2e00000, 0x00000000c2f00000|  0%| F|  |TAMS 0x00000000c2e00000, 0x00000000c2e00000| Untracked 
|  17|0x00000000c2f00000, 0x00000000c2f00000, 0x00000000c3000000|  0%| F|  |TAMS 0x00000000c2f00000, 0x00000000c2f00000| Untracked 
|  18|0x00000000c3000000, 0x00000000c3000000, 0x00000000c3100000|  0%| F|  |TAMS 0x00000000c3000000, 0x00000000c3000000| Untracked 
|  19|0x00000000c3100000, 0x00000000c3100000, 0x00000000c3200000|  0%| F|  |TAMS 0x00000000c3100000, 0x00000000c3100000| Untracked 
|  20|0x00000000c3200000, 0x00000000c3200000, 0x00000000c3300000|  0%| F|  |TAMS 0x00000000c3200000, 0x00000000c3200000| Untracked 
|  21|0x00000000c3300000, 0x00000000c3300000, 0x00000000c3400000|  0%| F|  |TAMS 0x00000000c3300000, 0x00000000c3300000| Untracked 
|  22|0x00000000c3400000, 0x00000000c3400000, 0x00000000c3500000|  0%| F|  |TAMS 0x00000000c3400000, 0x00000000c3400000| Untracked 
|  23|0x00000000c3500000, 0x00000000c3500000, 0x00000000c3600000|  0%| F|  |TAMS 0x00000000c3500000, 0x00000000c3500000| Untracked 
|  24|0x00000000c3600000, 0x00000000c3600000, 0x00000000c3700000|  0%| F|  |TAMS 0x00000000c3600000, 0x00000000c3600000| Untracked 
|  25|0x00000000c3700000, 0x00000000c3700000, 0x00000000c3800000|  0%| F|  |TAMS 0x00000000c3700000, 0x00000000c3700000| Untracked 
|  26|0x00000000c3800000, 0x00000000c3800000, 0x00000000c3900000|  0%| F|  |TAMS 0x00000000c3800000, 0x00000000c3800000| Untracked 
|  27|0x00000000c3900000, 0x00000000c3900000, 0x00000000c3a00000|  0%| F|  |TAMS 0x00000000c3900000, 0x00000000c3900000| Untracked 
|  28|0x00000000c3a00000, 0x00000000c3a00000, 0x00000000c3b00000|  0%| F|  |TAMS 0x00000000c3a00000, 0x00000000c3a00000| Untracked 
|  29|0x00000000c3b00000, 0x00000000c3b00000, 0x00000000c3c00000|  0%| F|  |TAMS 0x00000000c3b00000, 0x00000000c3b00000| Untracked 
|  30|0x00000000c3c00000, 0x00000000c3c00000, 0x00000000c3d00000|  0%| F|  |TAMS 0x00000000c3c00000, 0x00000000c3c00000| Untracked 
|  31|0x00000000c3d00000, 0x00000000c3d00000, 0x00000000c3e00000|  0%| F|  |TAMS 0x00000000c3d00000, 0x00000000c3d00000| Untracked 
|  32|0x00000000c3e00000, 0x00000000c3e00000, 0x00000000c3f00000|  0%| F|  |TAMS 0x00000000c3e00000, 0x00000000c3e00000| Untracked 
|  33|0x00000000c3f00000, 0x00000000c3f00000, 0x00000000c4000000|  0%| F|  |TAMS 0x00000000c3f00000, 0x00000000c3f00000| Untracked 
|  34|0x00000000c4000000, 0x00000000c4000000, 0x00000000c4100000|  0%| F|  |TAMS 0x00000000c4000000, 0x00000000c4000000| Untracked 
|  35|0x00000000c4100000, 0x00000000c4100000, 0x00000000c4200000|  0%| F|  |TAMS 0x00000000c4100000, 0x00000000c4100000| Untracked 
|  36|0x00000000c4200000, 0x00000000c4200000, 0x00000000c4300000|  0%| F|  |TAMS 0x00000000c4200000, 0x00000000c4200000| Untracked 
|  37|0x00000000c4300000, 0x00000000c4300000, 0x00000000c4400000|  0%| F|  |TAMS 0x00000000c4300000, 0x00000000c4300000| Untracked 
|  38|0x00000000c4400000, 0x00000000c4400000, 0x00000000c4500000|  0%| F|  |TAMS 0x00000000c4400000, 0x00000000c4400000| Untracked 
|  39|0x00000000c4500000, 0x00000000c4500000, 0x00000000c4600000|  0%| F|  |TAMS 0x00000000c4500000, 0x00000000c4500000| Untracked 
|  40|0x00000000c4600000, 0x00000000c4600000, 0x00000000c4700000|  0%| F|  |TAMS 0x00000000c4600000, 0x00000000c4600000| Untracked 
|  41|0x00000000c4700000, 0x00000000c4700000, 0x00000000c4800000|  0%| F|  |TAMS 0x00000000c4700000, 0x00000000c4700000| Untracked 
|  42|0x00000000c4800000, 0x00000000c4800000, 0x00000000c4900000|  0%| F|  |TAMS 0x00000000c4800000, 0x00000000c4800000| Untracked 
|  43|0x00000000c4900000, 0x00000000c4900000, 0x00000000c4a00000|  0%| F|  |TAMS 0x00000000c4900000, 0x00000000c4900000| Untracked 
|  44|0x00000000c4a00000, 0x00000000c4a00000, 0x00000000c4b00000|  0%| F|  |TAMS 0x00000000c4a00000, 0x00000000c4a00000| Untracked 
|  45|0x00000000c4b00000, 0x00000000c4b00000, 0x00000000c4c00000|  0%| F|  |TAMS 0x00000000c4b00000, 0x00000000c4b00000| Untracked 
|  46|0x00000000c4c00000, 0x00000000c4c00000, 0x00000000c4d00000|  0%| F|  |TAMS 0x00000000c4c00000, 0x00000000c4c00000| Untracked 
|  47|0x00000000c4d00000, 0x00000000c4d00000, 0x00000000c4e00000|  0%| F|  |TAMS 0x00000000c4d00000, 0x00000000c4d00000| Untracked 
|  48|0x00000000c4e00000, 0x00000000c4e00000, 0x00000000c4f00000|  0%| F|  |TAMS 0x00000000c4e00000, 0x00000000c4e00000| Untracked 
|  49|0x00000000c4f00000, 0x00000000c4f00000, 0x00000000c5000000|  0%| F|  |TAMS 0x00000000c4f00000, 0x00000000c4f00000| Untracked 
|  50|0x00000000c5000000, 0x00000000c5000000, 0x00000000c5100000|  0%| F|  |TAMS 0x00000000c5000000, 0x00000000c5000000| Untracked 
|  51|0x00000000c5100000, 0x00000000c5100000, 0x00000000c5200000|  0%| F|  |TAMS 0x00000000c5100000, 0x00000000c5100000| Untracked 
|  52|0x00000000c5200000, 0x00000000c5200000, 0x00000000c5300000|  0%| F|  |TAMS 0x00000000c5200000, 0x00000000c5200000| Untracked 
|  53|0x00000000c5300000, 0x00000000c5300000, 0x00000000c5400000|  0%| F|  |TAMS 0x00000000c5300000, 0x00000000c5300000| Untracked 
|  54|0x00000000c5400000, 0x00000000c5400000, 0x00000000c5500000|  0%| F|  |TAMS 0x00000000c5400000, 0x00000000c5400000| Untracked 
|  55|0x00000000c5500000, 0x00000000c5500000, 0x00000000c5600000|  0%| F|  |TAMS 0x00000000c5500000, 0x00000000c5500000| Untracked 
|  56|0x00000000c5600000, 0x00000000c5600000, 0x00000000c5700000|  0%| F|  |TAMS 0x00000000c5600000, 0x00000000c5600000| Untracked 
|  57|0x00000000c5700000, 0x00000000c5700000, 0x00000000c5800000|  0%| F|  |TAMS 0x00000000c5700000, 0x00000000c5700000| Untracked 
|  58|0x00000000c5800000, 0x00000000c5800000, 0x00000000c5900000|  0%| F|  |TAMS 0x00000000c5800000, 0x00000000c5800000| Untracked 
|  59|0x00000000c5900000, 0x00000000c5900800, 0x00000000c5a00000|  0%| E|  |TAMS 0x00000000c5900000, 0x00000000c5900000| Complete 
|  60|0x00000000c5a00000, 0x00000000c5b00000, 0x00000000c5b00000|100%| E|CS|TAMS 0x00000000c5a00000, 0x00000000c5a00000| Complete 
|  61|0x00000000c5b00000, 0x00000000c5c00000, 0x00000000c5c00000|100%| E|CS|TAMS 0x00000000c5b00000, 0x00000000c5b00000| Complete 
|  62|0x00000000c5c00000, 0x00000000c5d00000, 0x00000000c5d00000|100%| E|CS|TAMS 0x00000000c5c00000, 0x00000000c5c00000| Complete 
|  63|0x00000000c5d00000, 0x00000000c5e00000, 0x00000000c5e00000|100%| E|CS|TAMS 0x00000000c5d00000, 0x00000000c5d00000| Complete 

Card table byte_map: [0x000001f022ad0000,0x000001f022cd0000] _byte_map_base: 0x000001f0224c1000

Marking Bits (Prev, Next): (CMBitMap*) 0x000001f00b9b4dd0, (CMBitMap*) 0x000001f00b9b4e10
 Prev Bits: [0x000001f022ed0000, 0x000001f023e58000)
 Next Bits: [0x000001f023e60000, 0x000001f024de8000)

Polling page: 0x000001f009800000

Metaspace:

Usage:
  Non-class:      2.98 MB used.
      Class:    328.36 KB used.
       Both:      3.30 MB used.

Virtual space:
  Non-class space:       64.00 MB reserved,       3.06 MB (  5%) committed,  1 nodes.
      Class space:        1.00 GB reserved,     384.00 KB ( <1%) committed,  1 nodes.
             Both:        1.06 GB reserved,       3.44 MB ( <1%) committed. 

Chunk freelists:
   Non-Class:  3.90 MB
       Class:  3.57 MB
        Both:  7.47 MB

MaxMetaspaceSize: unlimited
CompressedClassSpaceSize: 1.00 GB
Initial GC threshold: 21.00 MB
Current GC threshold: 21.00 MB
CDS: on
MetaspaceReclaimPolicy: balanced
 - commit_granule_bytes: 65536.
 - commit_granule_words: 8192.
 - virtual_space_node_default_size: 8388608.
 - enlarge_chunks_in_place: 1.
 - new_chunks_are_fully_committed: 0.
 - uncommit_free_chunks: 1.
 - use_allocation_guard: 0.


Internal statistics:

num_allocs_failed_limit: 0.
num_arena_births: 96.
num_arena_deaths: 0.
num_vsnodes_births: 2.
num_vsnodes_deaths: 0.
num_space_committed: 55.
num_space_uncommitted: 0.
num_chunks_returned_to_freelist: 0.
num_chunks_taken_from_freelist: 99.
num_chunk_merges: 0.
num_chunk_splits: 71.
num_chunks_enlarged: 47.
num_inconsistent_stats: 0.

CodeHeap 'non-profiled nmethods': size=120000Kb used=135Kb max_used=135Kb free=119865Kb
 bounds [0x000001f01b3a0000, 0x000001f01b610000, 0x000001f0228d0000]
CodeHeap 'profiled nmethods': size=120000Kb used=528Kb max_used=528Kb free=119472Kb
 bounds [0x000001f0138d0000, 0x000001f013b40000, 0x000001f01ae00000]
CodeHeap 'non-nmethods': size=5760Kb used=1273Kb max_used=1283Kb free=4487Kb
 bounds [0x000001f01ae00000, 0x000001f01b070000, 0x000001f01b3a0000]
 total_blobs=903 nmethods=414 adapters=400
 compilation: enabled
              stopped_count=0, restarted_count=0
 full_count=0

Compilation events (20 events):
Event: 0.250 Thread 0x000001f027254b10 nmethod 402 0x000001f01394b410 code [0x000001f01394b5a0, 0x000001f01394b6b8]
Event: 0.250 Thread 0x000001f027254b10  403       3       java.lang.String::compareTo (9 bytes)
Event: 0.250 Thread 0x000001f027251490  407       4       java.lang.String::coder (15 bytes)
Event: 0.250 Thread 0x000001f027254b10 nmethod 403 0x000001f01394b790 code [0x000001f01394b940, 0x000001f01394bb68]
Event: 0.250 Thread 0x000001f027254b10  405       3       java.lang.StringLatin1::compareTo (52 bytes)
Event: 0.250 Thread 0x000001f027251490 nmethod 407 0x000001f01b3c1610 code [0x000001f01b3c1780, 0x000001f01b3c17f8]
Event: 0.250 Thread 0x000001f027254b10 nmethod 405 0x000001f01394bc10 code [0x000001f01394bde0, 0x000001f01394c1b8]
Event: 0.250 Thread 0x000001f027254b10  406       3       java.lang.StringLatin1::compareTo (14 bytes)
Event: 0.250 Thread 0x000001f027254b10 nmethod 406 0x000001f01394c390 code [0x000001f01394c540, 0x000001f01394c668]
Event: 0.250 Thread 0x000001f027254b10  404       3       java.lang.String::compareTo (63 bytes)
Event: 0.251 Thread 0x000001f027254b10 nmethod 404 0x000001f01394c790 code [0x000001f01394c9a0, 0x000001f01394ce38]
Event: 0.251 Thread 0x000001f027254b10  408       3       java.util.HashMap::putVal (300 bytes)
Event: 0.252 Thread 0x000001f027254b10 nmethod 408 0x000001f01394d010 code [0x000001f01394d2c0, 0x000001f01394e518]
Event: 0.252 Thread 0x000001f027254b10  410       3       java.util.IdentityHashMap$IdentityHashMapIterator::hasNext (50 bytes)
Event: 0.252 Thread 0x000001f027254b10 nmethod 410 0x000001f01394ea10 code [0x000001f01394ebc0, 0x000001f01394ee18]
Event: 0.252 Thread 0x000001f027254b10  409       1       java.util.concurrent.atomic.AtomicInteger::get (5 bytes)
Event: 0.252 Thread 0x000001f027254b10 nmethod 409 0x000001f01b3c1910 code [0x000001f01b3c1aa0, 0x000001f01b3c1b58]
Event: 0.253 Thread 0x000001f027254b10  411       3       java.lang.invoke.MemberName::checkForTypeAlias (172 bytes)
Event: 0.254 Thread 0x000001f027254b10 nmethod 411 0x000001f01394ef10 code [0x000001f01394f360, 0x000001f0139510b8]
Event: 0.254 Thread 0x000001f027254b10  412       3       java.lang.invoke.InvokerBytecodeGenerator::emitImplicitConversion (161 bytes)

GC Heap History (0 events):
No events

Dll operation events (6 events):
Event: 0.007 Loaded shared library C:\Program Files\Java\jdk-19\bin\java.dll
Event: 0.020 Loaded shared library C:\Program Files\Java\jdk-19\bin\jsvml.dll
Event: 0.084 Loaded shared library C:\Program Files\Java\jdk-19\bin\net.dll
Event: 0.085 Loaded shared library C:\Program Files\Java\jdk-19\bin\nio.dll
Event: 0.135 Loaded shared library C:\Program Files\Java\jdk-19\bin\jimage.dll
Event: 0.155 Loaded shared library C:\Program Files\Java\jdk-19\bin\awt.dll

Deoptimization events (4 events):
Event: 0.251 Thread 0x000001f00b973f90 Uncommon trap: trap_request=0xffffff45 fr.pc=0x000001f01b3af678 relative=0x0000000000000a58
Event: 0.251 Thread 0x000001f00b973f90 Uncommon trap: reason=unstable_if action=reinterpret pc=0x000001f01b3af678 method=java.util.HashMap.putVal(ILjava/lang/Object;Ljava/lang/Object;ZZ)Ljava/lang/Object; @ 236 c2
Event: 0.251 Thread 0x000001f00b973f90 DEOPT PACKING pc=0x000001f01b3af678 sp=0x0000002178ffe150
Event: 0.251 Thread 0x000001f00b973f90 DEOPT UNPACKING pc=0x000001f01ae66da3 sp=0x0000002178ffe108 mode 2

Classes loaded (20 events):
Event: 0.252 Loading class sun/swing/SwingUtilities2 done
Event: 0.252 Loading class java/awt/font/FontRenderContext
Event: 0.253 Loading class java/awt/font/FontRenderContext done
Event: 0.253 Loading class sun/swing/StringUIClientPropertyKey
Event: 0.253 Loading class javax/swing/UIClientPropertyKey
Event: 0.253 Loading class javax/swing/UIClientPropertyKey done
Event: 0.253 Loading class sun/swing/StringUIClientPropertyKey done
Event: 0.253 Loading class sun/swing/SwingUtilities2$LSBCacheEntry
Event: 0.253 Loading class sun/swing/SwingUtilities2$LSBCacheEntry done
Event: 0.253 Loading class javax/swing/UIManager$LAFState
Event: 0.253 Loading class javax/swing/UIManager$LAFState done
Event: 0.253 Loading class javax/swing/UIDefaults
Event: 0.253 Loading class javax/swing/UIDefaults done
Event: 0.253 Loading class javax/swing/MultiUIDefaults
Event: 0.253 Loading class javax/swing/MultiUIDefaults done
Event: 0.253 Loading class sun/swing/SwingAccessor$UIDefaultsAccessor
Event: 0.253 Loading class sun/swing/SwingAccessor$UIDefaultsAccessor done
Event: 0.254 Loading class javax/swing/UIManager$1
Event: 0.254 Loading class javax/swing/UIManager$1 done
Event: 0.254 Loading class javax/swing/plaf/metal/MetalLookAndFeel

Classes unloaded (0 events):
No events

Classes redefined (0 events):
No events

Internal exceptions (8 events):
Event: 0.086 Thread 0x000001f00b973f90 Exception <a 'sun/nio/fs/WindowsException'{0x00000000c5c40170}> (0x00000000c5c40170) 
thrown [s\open\src\hotspot\share\prims\jni.cpp, line 517]
Event: 0.086 Thread 0x000001f00b973f90 Exception <a 'sun/nio/fs/WindowsException'{0x00000000c5c406b0}> (0x00000000c5c406b0) 
thrown [s\open\src\hotspot\share\prims\jni.cpp, line 517]
Event: 0.088 Thread 0x000001f00b973f90 Exception <a 'sun/nio/fs/WindowsException'{0x00000000c5c429a8}> (0x00000000c5c429a8) 
thrown [s\open\src\hotspot\share\prims\jni.cpp, line 517]
Event: 0.142 Thread 0x000001f00b973f90 Exception <a 'java/lang/ClassNotFoundException'{0x00000000c5b24f88}: sun/awt/resources/spi/awtProvider> (0x00000000c5b24f88) 
thrown [s\open\src\hotspot\share\classfile\systemDictionary.cpp, line 255]
Event: 0.169 Thread 0x000001f00b973f90 Exception <a 'java/io/FileNotFoundException'{0x00000000c5b7ca90}> (0x00000000c5b7ca90) 
thrown [s\open\src\hotspot\share\prims\jni.cpp, line 517]
Event: 0.177 Thread 0x000001f00b973f90 Exception <a 'java/io/FileNotFoundException'{0x00000000c5ba93c0}> (0x00000000c5ba93c0) 
thrown [s\open\src\hotspot\share\prims\jni.cpp, line 517]
Event: 0.214 Thread 0x000001f00b973f90 Exception <a 'java/lang/NoSuchMethodError'{0x00000000c5bee290}: 'java.lang.Object java.lang.invoke.DirectMethodHandle$Holder.invokeStaticInit(java.lang.Object)'> (0x00000000c5bee290) 
thrown [s\open\src\hotspot\share\interpreter\linkResolver.cpp, line 774]
Event: 0.253 Thread 0x000001f00b973f90 Exception <a 'java/lang/NoSuchMethodError'{0x00000000c5ac8b78}: 'void java.lang.invoke.DirectMethodHandle$Holder.invokeSpecial(java.lang.Object, java.lang.Object, java.lang.Object)'> (0x00000000c5ac8b78) 
thrown [s\open\src\hotspot\share\interpreter\linkResolver.cpp, line 774]

VM Operations (4 events):
Event: 0.089 Executing VM operation: HandshakeAllThreads
Event: 0.089 Executing VM operation: HandshakeAllThreads done
Event: 0.133 Executing VM operation: HandshakeAllThreads
Event: 0.133 Executing VM operation: HandshakeAllThreads done

Events (15 events):
Event: 0.021 Thread 0x000001f00b973f90 Thread added: 0x000001f00b973f90
Event: 0.035 Thread 0x000001f0272482c0 Thread added: 0x000001f0272482c0
Event: 0.035 Thread 0x000001f027248eb0 Thread added: 0x000001f027248eb0
Event: 0.036 Thread 0x000001f02724b9f0 Thread added: 0x000001f02724b9f0
Event: 0.036 Thread 0x000001f02724d330 Thread added: 0x000001f02724d330
Event: 0.036 Thread 0x000001f02724edb0 Thread added: 0x000001f02724edb0
Event: 0.036 Thread 0x000001f02724fc70 Thread added: 0x000001f02724fc70
Event: 0.036 Thread 0x000001f027251490 Thread added: 0x000001f027251490
Event: 0.036 Thread 0x000001f027254b10 Thread added: 0x000001f027254b10
Event: 0.038 Thread 0x000001f0272d1d50 Thread added: 0x000001f0272d1d50
Event: 0.071 Thread 0x000001f02b533b00 Thread added: 0x000001f02b533b00
Event: 0.105 Thread 0x000001f02b613080 Thread added: 0x000001f02b613080
Event: 0.215 Thread 0x000001f02b7595b0 Thread added: 0x000001f02b7595b0
Event: 0.216 Thread 0x000001f02b759af0 Thread added: 0x000001f02b759af0
Event: 0.218 Thread 0x000001f02b75a440 Thread added: 0x000001f02b75a440


Dynamic libraries:
0x00007ff7ad270000 - 0x00007ff7ad280000 	C:\Program Files\Java\jdk-19\bin\java.exe
0x00007ffc2afb0000 - 0x00007ffc2b181000 	C:\Windows\SYSTEM32\ntdll.dll
0x00007ffc2af00000 - 0x00007ffc2afab000 	C:\Windows\System32\KERNEL32.DLL
0x00007ffc27780000 - 0x00007ffc2799d000 	C:\Windows\System32\KERNELBASE.dll
0x00007ffc274a0000 - 0x00007ffc27595000 	C:\Windows\System32\ucrtbase.dll
0x00007ffc14870000 - 0x00007ffc14888000 	C:\Program Files\Java\jdk-19\bin\jli.dll
0x00007ffc1c370000 - 0x00007ffc1c38b000 	C:\Program Files\Java\jdk-19\bin\VCRUNTIME140.dll
0x00007ffc28e90000 - 0x00007ffc28f32000 	C:\Windows\System32\ADVAPI32.dll
0x00007ffc28f40000 - 0x00007ffc28fde000 	C:\Windows\System32\msvcrt.dll
0x00007ffc29990000 - 0x00007ffc299e9000 	C:\Windows\System32\sechost.dll
0x00007ffc29860000 - 0x00007ffc29981000 	C:\Windows\System32\RPCRT4.dll
0x00007ffc29610000 - 0x00007ffc29775000 	C:\Windows\System32\USER32.dll
0x00007ffc27be0000 - 0x00007ffc27bfe000 	C:\Windows\System32\win32u.dll
0x00007ffc297b0000 - 0x00007ffc297e4000 	C:\Windows\System32\GDI32.dll
0x00007ffc1cc50000 - 0x00007ffc1cec9000 	C:\Windows\WinSxS\amd64_microsoft.windows.common-controls_6595b64144ccf1df_6.0.14393.447_none_42191651c6827bb3\COMCTL32.dll
0x00007ffc28680000 - 0x00007ffc28947000 	C:\Windows\System32\combase.dll
0x00007ffc275a0000 - 0x00007ffc27722000 	C:\Windows\System32\gdi32full.dll
0x00007ffc279a0000 - 0x00007ffc27a0a000 	C:\Windows\System32\bcryptPrimitives.dll
0x00007ffc19f80000 - 0x00007ffc19f8a000 	C:\Windows\SYSTEM32\VERSION.dll
0x00007ffc29780000 - 0x00007ffc297ae000 	C:\Windows\System32\IMM32.DLL
0x00007ffc1dac0000 - 0x00007ffc1dacc000 	C:\Program Files\Java\jdk-19\bin\vcruntime140_1.dll
0x00007ffc16a50000 - 0x00007ffc16ade000 	C:\Program Files\Java\jdk-19\bin\msvcp140.dll
0x00007ffc16d60000 - 0x00007ffc17a20000 	C:\Program Files\Java\jdk-19\bin\server\jvm.dll
0x00007ffc1c5b0000 - 0x00007ffc1c5b9000 	C:\Windows\SYSTEM32\WSOCK32.dll
0x00007ffc24e10000 - 0x00007ffc24e33000 	C:\Windows\SYSTEM32\WINMM.dll
0x00007ffc28fe0000 - 0x00007ffc2904a000 	C:\Windows\System32\WS2_32.dll
0x00007ffc24de0000 - 0x00007ffc24e0b000 	C:\Windows\SYSTEM32\WINMMBASE.dll
0x00007ffc27730000 - 0x00007ffc27772000 	C:\Windows\System32\cfgmgr32.dll
0x00007ffc27490000 - 0x00007ffc2749f000 	C:\Windows\System32\kernel.appcore.dll
0x00007ffc1c360000 - 0x00007ffc1c36a000 	C:\Program Files\Java\jdk-19\bin\jimage.dll
0x00007ffc26fe0000 - 0x00007ffc27172000 	C:\Windows\SYSTEM32\DBGHELP.DLL
0x00007ffc26f30000 - 0x00007ffc26f59000 	C:\Windows\SYSTEM32\dbgcore.DLL
0x00007ffc1bd10000 - 0x00007ffc1bd36000 	C:\Program Files\Java\jdk-19\bin\java.dll
0x00007ffc16c80000 - 0x00007ffc16d57000 	C:\Program Files\Java\jdk-19\bin\jsvml.dll
0x00007ffc299f0000 - 0x00007ffc2aef9000 	C:\Windows\System32\SHELL32.dll
0x00007ffc27c00000 - 0x00007ffc282da000 	C:\Windows\System32\windows.storage.dll
0x00007ffc27440000 - 0x00007ffc2748c000 	C:\Windows\System32\powrprof.dll
0x00007ffc28e30000 - 0x00007ffc28e82000 	C:\Windows\System32\shlwapi.dll
0x00007ffc28340000 - 0x00007ffc283e9000 	C:\Windows\System32\shcore.dll
0x00007ffc27420000 - 0x00007ffc27434000 	C:\Windows\System32\profapi.dll
0x00007ffc1a190000 - 0x00007ffc1a1a3000 	C:\Program Files\Java\jdk-19\bin\net.dll
0x00007ffc1dc90000 - 0x00007ffc1dd5d000 	C:\Windows\SYSTEM32\WINHTTP.dll
0x00007ffc26930000 - 0x00007ffc2698c000 	C:\Windows\system32\mswsock.dll
0x00007ffc18140000 - 0x00007ffc18156000 	C:\Program Files\Java\jdk-19\bin\nio.dll
0x00007ffc16ae0000 - 0x00007ffc16c71000 	C:\Program Files\Java\jdk-19\bin\awt.dll
0x00007ffc29550000 - 0x00007ffc2960f000 	C:\Windows\System32\OLEAUT32.dll
0x00007ffc284a0000 - 0x00007ffc2853c000 	C:\Windows\System32\msvcp_win.dll
0x00007ffc25690000 - 0x00007ffc2570a000 	C:\Windows\SYSTEM32\apphelp.dll
0x00007ffc24d60000 - 0x00007ffc24d86000 	C:\Windows\system32\DWMAPI.DLL
0x00007ffc25830000 - 0x00007ffc258c5000 	C:\Windows\system32\uxtheme.dll
0x00007ffc16920000 - 0x00007ffc16a43000 	C:\Windows\system32\opengl32.dll
0x00007ffc168f0000 - 0x00007ffc1691d000 	C:\Windows\SYSTEM32\GLU32.dll
0x00007ffc0dd60000 - 0x00007ffc0de57000 	C:\Windows\SYSTEM32\DDRAW.dll
0x00007ffc1a1f0000 - 0x00007ffc1a1f8000 	C:\Windows\SYSTEM32\DCIMAN32.dll
0x00007ffc29080000 - 0x00007ffc291db000 	C:\Windows\System32\MSCTF.dll
0x00007ffc28540000 - 0x00007ffc28677000 	C:\Windows\System32\ole32.dll

dbghelp: loaded successfully - version: 4.0.5 - missing functions: none
symbol engine: initialized successfully - sym options: 0x614 - pdb path: .;C:\Program Files\Java\jdk-19\bin;C:\Windows\SYSTEM32;C:\Windows\WinSxS\amd64_microsoft.windows.common-controls_6595b64144ccf1df_6.0.14393.447_none_42191651c6827bb3;C:\Program Files\Java\jdk-19\bin\server

VM Arguments:
jvm_args: -Dfile.encoding=UTF-8 --module-path=C:\Users\dc\Documents\NetBeansProjects\QUIZ Application\build\classes 
java_command: quiz.application.Quiz
java_class_path (initial): C:\Users\dc\Documents\NetBeansProjects\QUIZ Application\build\classes
Launcher Type: SUN_STANDARD

[Global flags]
     intx CICompilerCount                          = 3                                         {product} {ergonomic}
     uint ConcGCThreads                            = 1                                         {product} {ergonomic}
     uint G1ConcRefinementThreads                  = 4                                         {product} {ergonomic}
   size_t G1HeapRegionSize                         = 1048576                                   {product} {ergonomic}
    uintx GCDrainStackTargetSize                   = 64                                        {product} {ergonomic}
   size_t InitialHeapSize                          = 67108864                                  {product} {ergonomic}
   size_t MarkStackSize                            = 4194304                                   {product} {ergonomic}
   size_t MaxHeapSize                              = 1042284544                                {product} {ergonomic}
   size_t MaxNewSize                               = 624951296                                 {product} {ergonomic}
   size_t MinHeapDeltaBytes                        = 1048576                                   {product} {ergonomic}
   size_t MinHeapSize                              = 8388608                                   {product} {ergonomic}
    uintx NonNMethodCodeHeapSize                   = 5832780                                {pd product} {ergonomic}
    uintx NonProfiledCodeHeapSize                  = 122912730                              {pd product} {ergonomic}
    uintx ProfiledCodeHeapSize                     = 122912730                              {pd product} {ergonomic}
    uintx ReservedCodeCacheSize                    = 251658240                              {pd product} {ergonomic}
     bool SegmentedCodeCache                       = true                                      {product} {ergonomic}
   size_t SoftMaxHeapSize                          = 1042284544                             {manageable} {ergonomic}
     bool UseCompressedClassPointers               = true                           {product lp64_product} {ergonomic}
     bool UseCompressedOops                        = true                           {product lp64_product} {ergonomic}
     bool UseG1GC                                  = true                                      {product} {ergonomic}
     bool UseLargePagesIndividualAllocation        = false                                  {pd product} {ergonomic}

Logging:
Log output configuration:
 #0: stdout all=warning uptime,level,tags foldmultilines=false
 #1: stderr all=off uptime,level,tags foldmultilines=false

Environment Variables:
JAVA_HOME=C:\Program Files\Java\jdk-14
PATH=C:\Program Files\Common Files\Oracle\Java\javapath;C:\Windows\system32;C:\Windows;C:\Windows\System32\Wbem;C:\Windows\System32\WindowsPowerShell\v1.0\;C:\MinGW\bin;C:\Program Files\java\jdk-14\bin;C:\Program Files\Java\jdk-19\bin;C:\Program Files\MySQL\MySQL Server 8.0\bin;C:\Program Files\MySQL\MySQL Shell 8.0\bin\;C:\Users\dc\AppData\Local\Microsoft\WindowsApps;C:\Program Files\JetBrains\IntelliJ IDEA Community Edition 2022.2.3\bin;;C:\Users\dc\AppData\Local\Programs\Microsoft VS Code\bin;
USERNAME=dc
OS=Windows_NT
PROCESSOR_IDENTIFIER=Intel64 Family 6 Model 142 Stepping 9, GenuineIntel
TMP=C:\Users\dc\AppData\Local\Temp
TEMP=C:\Users\dc\AppData\Local\Temp



---------------  S Y S T E M  ---------------

OS:
 Windows 10 , 64 bit Build 14393 (10.0.14393.0)
OS uptime: 1 days 5:05 hours

CPU: total 4 (initial active 4) (2 cores per cpu, 2 threads per core) family 6 model 142 stepping 9 microcode 0x84, cx8, cmov, fxsr, ht, mmx, 3dnowpref, sse, sse2, sse3, ssse3, sse4.1, sse4.2, popcnt, lzcnt, tsc, tscinvbit, avx, avx2, aes, erms, clmul, bmi1, bmi2, adx, fma, vzeroupper, clflush, clflushopt, rdtscp

Memory: 4k page, system-wide physical 3973M (837M free)
TotalPageFile size 16261M (AvailPageFile size 5M)
current process WorkingSet (physical memory assigned to process): 43M, peak: 43M
current process commit charge ("private bytes"): 141M, peak: 141M

vm_info: Java HotSpot(TM) 64-Bit Server VM (19+36-2238) for windows-amd64 JRE (19+36-2238), built on 2022-08-12T20:29:01Z by "mach5one" with MS VC++ 17.1 (VS2022)

END.
