#
# There is insufficient memory for the Java Runtime Environment to continue.
# Native memory allocation (malloc) failed to allocate 111376 bytes for Chunk::new
# Possible reasons:
#   The system is out of physical RAM or swap space
#   The process is running with CompressedOops enabled, and the Java Heap may be blocking the growth of the native heap
# Possible solutions:
#   Reduce memory load on the system
#   Increase physical memory or swap space
#   Check if swap backing store is full
#   Decrease Java heap size (-Xmx/-Xms)
#   Decrease number of Java threads
#   Decrease Java thread stack sizes (-Xss)
#   Set larger code cache with -XX:ReservedCodeCacheSize=
#   JVM is running with Unscaled Compressed Oops mode in which the Java heap is
#     placed in the first 4GB address space. The Java Heap base address is the
#     maximum limit for the native heap growth. Please use -XX:HeapBaseMinAddress
#     to set the Java Heap base and to place the Java Heap above 4GB virtual address.
# This output file may be truncated or incomplete.
#
#  Out of Memory Error (arena.cpp:184), pid=16164, tid=1712
#
# JRE version: Java(TM) SE Runtime Environment (19.0+36) (build 19+36-2238)
# Java VM: Java HotSpot(TM) 64-Bit Server VM (19+36-2238, mixed mode, sharing, tiered, compressed oops, compressed class ptrs, g1 gc, windows-amd64)
# No core dump will be written. Minidumps are not enabled by default on client versions of Windows
#

---------------  S U M M A R Y ------------

Command Line: -Dfile.encoding=UTF-8 --module-path=C:\Users\dc\Documents\NetBeansProjects\QUIZ Application\build\classes quiz.application.Quiz

Host: Intel(R) Core(TM) i3-7130U CPU @ 2.70GHz, 4 cores, 3G,  Windows 10 , 64 bit Build 14393 (10.0.14393.0)
Time: Thu Mar 23 00:04:57 2023 India Standard Time elapsed time: 0.400367 seconds (0d 0h 0m 0s)

---------------  T H R E A D  ---------------

Current thread (0x00000227a497cdd0):  JavaThread "C2 CompilerThread0" daemon [_thread_in_native, id=1712, stack(0x00000038b6800000,0x00000038b6900000)]


Current CompileTask:
C2:    401  517       4       java.lang.StringLatin1::replace (198 bytes)

Stack: [0x00000038b6800000,0x00000038b6900000]
Native frames: (J=compiled Java code, j=interpreted, Vv=VM code, C=native code)
V  [jvm.dll+0x6ee8fa]
V  [jvm.dll+0x857a1e]
V  [jvm.dll+0x85940e]
V  [jvm.dll+0x859ac3]
V  [jvm.dll+0x28291f]
V  [jvm.dll+0xc9b5f]
V  [jvm.dll+0xc9ee5]
V  [jvm.dll+0x3bcb72]
V  [jvm.dll+0x386201]
V  [jvm.dll+0x38567a]
V  [jvm.dll+0x24c2c9]
V  [jvm.dll+0x24b671]
V  [jvm.dll+0x1d6d61]
V  [jvm.dll+0x25b0fa]
V  [jvm.dll+0x259588]
V  [jvm.dll+0x807928]
V  [jvm.dll+0x8015fa]
V  [jvm.dll+0x6ed5eb]
C  [ucrtbase.dll+0x1cab0]
C  [KERNEL32.DLL+0x8364]
C  [ntdll.dll+0x65e91]


---------------  P R O C E S S  ---------------

Threads class SMR info:
_java_thread_list=0x00000227a8ee4180, length=16, elements={
0x000002278908e5e0, 0x00000227a496ea00, 0x00000227a496f5f0, 0x00000227a4970cc0,
0x00000227a4975780, 0x00000227a49760b0, 0x00000227a49769e0, 0x00000227a497cdd0,
0x00000227a49845b0, 0x00000227a497f890, 0x00000227a4a3e800, 0x00000227a8cdc230,
0x00000227a8ea1f30, 0x00000227a8ea4f30, 0x00000227a8ea7f30, 0x00000227a8edefa0
}

Java Threads: ( => current thread )
  0x000002278908e5e0 JavaThread "main" [_thread_blocked, id=16324, stack(0x00000038b5b00000,0x00000038b5c00000)]
  0x00000227a496ea00 JavaThread "Reference Handler" daemon [_thread_blocked, id=15432, stack(0x00000038b6200000,0x00000038b6300000)]
  0x00000227a496f5f0 JavaThread "Finalizer" daemon [_thread_blocked, id=15972, stack(0x00000038b6300000,0x00000038b6400000)]
  0x00000227a4970cc0 JavaThread "Signal Dispatcher" daemon [_thread_blocked, id=14800, stack(0x00000038b6400000,0x00000038b6500000)]
  0x00000227a4975780 JavaThread "Attach Listener" daemon [_thread_blocked, id=4436, stack(0x00000038b6500000,0x00000038b6600000)]
  0x00000227a49760b0 JavaThread "Service Thread" daemon [_thread_blocked, id=5676, stack(0x00000038b6600000,0x00000038b6700000)]
  0x00000227a49769e0 JavaThread "Monitor Deflation Thread" daemon [_thread_blocked, id=4128, stack(0x00000038b6700000,0x00000038b6800000)]
=>0x00000227a497cdd0 JavaThread "C2 CompilerThread0" daemon [_thread_in_native, id=1712, stack(0x00000038b6800000,0x00000038b6900000)]
  0x00000227a49845b0 JavaThread "C1 CompilerThread0" daemon [_thread_blocked, id=1772, stack(0x00000038b6900000,0x00000038b6a00000)]
  0x00000227a497f890 JavaThread "Sweeper thread" daemon [_thread_blocked, id=11348, stack(0x00000038b6a00000,0x00000038b6b00000)]
  0x00000227a4a3e800 JavaThread "Common-Cleaner" daemon [_thread_blocked, id=1096, stack(0x00000038b6b00000,0x00000038b6c00000)]
  0x00000227a8cdc230 JavaThread "Notification Thread" daemon [_thread_blocked, id=1828, stack(0x00000038b6c00000,0x00000038b6d00000)]
  0x00000227a8ea1f30 JavaThread "Java2D Disposer" daemon [_thread_blocked, id=3392, stack(0x00000038b6e00000,0x00000038b6f00000)]
  0x00000227a8ea4f30 JavaThread "AWT-Shutdown" [_thread_blocked, id=15872, stack(0x00000038b6f00000,0x00000038b7000000)]
  0x00000227a8ea7f30 JavaThread "AWT-Windows" daemon [_thread_in_native, id=15840, stack(0x00000038b7000000,0x00000038b7100000)]
  0x00000227a8edefa0 JavaThread "Image Fetcher 0" daemon [_thread_in_native, id=15712, stack(0x00000038b7100000,0x00000038b7200000)]

Other Threads:
  0x000002278915a9d0 VMThread "VM Thread" [stack: 0x00000038b6100000,0x00000038b6200000] [id=16148]
  0x00000227a8ce73a0 WatcherThread "VM Periodic Task Thread" [stack: 0x00000038b6d00000,0x00000038b6e00000] [id=15944]
  0x00000227890d03a0 WorkerThread "GC Thread#0" [stack: 0x00000038b5c00000,0x00000038b5d00000] [id=16188]
  0x00000227890d8f40 ConcurrentGCThread "G1 Main Marker" [stack: 0x00000038b5d00000,0x00000038b5e00000] [id=15936]
  0x00000227890d9970 WorkerThread "G1 Conc#0" [stack: 0x00000038b5e00000,0x00000038b5f00000] [id=1244]
  0x0000022789134750 ConcurrentGCThread "G1 Refine#0" [stack: 0x00000038b5f00000,0x00000038b6000000] [id=16320]
  0x00000227891380c0 ConcurrentGCThread "G1 Service" [stack: 0x00000038b6000000,0x00000038b6100000] [id=2832]

Threads with active compile tasks:
C2 CompilerThread0      437  517       4       java.lang.StringLatin1::replace (198 bytes)

VM state: not at safepoint (normal execution)

VM Mutex/Monitor currently owned by a thread: None

Heap address: 0x00000000c1e00000, size: 994 MB, Compressed Oops mode: 32-bit

CDS archive(s) mapped at: [0x0000000800000000-0x0000000800c40000-0x0000000800c40000), size 12845056, SharedBaseAddress: 0x0000000800000000, ArchiveRelocationMode: 0.
Compressed class space mapped at: 0x0000000801000000-0x0000000841000000, reserved size: 1073741824
Narrow klass base: 0x0000000800000000, Narrow klass shift: 0, Narrow klass range: 0x100000000

GC Precious Log:
 CardTable entry size: 512
 Card Set container configuration: InlinePtr #cards 5 size 8 Array Of Cards #cards 12 size 40 Howl #buckets 4 coarsen threshold 1843 Howl Bitmap #cards 512 size 80 coarsen threshold 460 Card regions per heap region 1 cards per card region 2048
 CPUs: 4 total, 4 available
 Memory: 3973M
 Large Page Support: Disabled
 NUMA Support: Disabled
 Compressed Oops: Enabled (32-bit)
 Heap Region Size: 1M
 Heap Min Capacity: 8M
 Heap Initial Capacity: 64M
 Heap Max Capacity: 994M
 Pre-touch: Disabled
 Parallel Workers: 4
 Concurrent Workers: 1
 Concurrent Refinement Workers: 4
 Periodic GC: Disabled

Heap:
 garbage-first heap   total 65536K, used 5120K [0x00000000c1e00000, 0x0000000100000000)
  region size 1024K, 6 young (6144K), 0 survivors (0K)
 Metaspace       used 4399K, committed 4608K, reserved 1114112K
  class space    used 469K, committed 576K, reserved 1048576K

Heap Regions: E=young(eden), S=young(survivor), O=old, HS=humongous(starts), HC=humongous(continues), CS=collection set, F=free, OA=open archive, CA=closed archive, TAMS=top-at-mark-start (previous, next)
|   0|0x00000000c1e00000, 0x00000000c1e00000, 0x00000000c1f00000|  0%| F|  |TAMS 0x00000000c1e00000, 0x00000000c1e00000| Untracked 
|   1|0x00000000c1f00000, 0x00000000c1f00000, 0x00000000c2000000|  0%| F|  |TAMS 0x00000000c1f00000, 0x00000000c1f00000| Untracked 
|   2|0x00000000c2000000, 0x00000000c2000000, 0x00000000c2100000|  0%| F|  |TAMS 0x00000000c2000000, 0x00000000c2000000| Untracked 
|   3|0x00000000c2100000, 0x00000000c2100000, 0x00000000c2200000|  0%| F|  |TAMS 0x00000000c2100000, 0x00000000c2100000| Untracked 
|   4|0x00000000c2200000, 0x00000000c2200000, 0x00000000c2300000|  0%| F|  |TAMS 0x00000000c2200000, 0x00000000c2200000| Untracked 
|   5|0x00000000c2300000, 0x00000000c2300000, 0x00000000c2400000|  0%| F|  |TAMS 0x00000000c2300000, 0x00000000c2300000| Untracked 
|   6|0x00000000c2400000, 0x00000000c2400000, 0x00000000c2500000|  0%| F|  |TAMS 0x00000000c2400000, 0x00000000c2400000| Untracked 
|   7|0x00000000c2500000, 0x00000000c2500000, 0x00000000c2600000|  0%| F|  |TAMS 0x00000000c2500000, 0x00000000c2500000| Untracked 
|   8|0x00000000c2600000, 0x00000000c2600000, 0x00000000c2700000|  0%| F|  |TAMS 0x00000000c2600000, 0x00000000c2600000| Untracked 
|   9|0x00000000c2700000, 0x00000000c2700000, 0x00000000c2800000|  0%| F|  |TAMS 0x00000000c2700000, 0x00000000c2700000| Untracked 
|  10|0x00000000c2800000, 0x00000000c2800000, 0x00000000c2900000|  0%| F|  |TAMS 0x00000000c2800000, 0x00000000c2800000| Untracked 
|  11|0x00000000c2900000, 0x00000000c2900000, 0x00000000c2a00000|  0%| F|  |TAMS 0x00000000c2900000, 0x00000000c2900000| Untracked 
|  12|0x00000000c2a00000, 0x00000000c2a00000, 0x00000000c2b00000|  0%| F|  |TAMS 0x00000000c2a00000, 0x00000000c2a00000| Untracked 
|  13|0x00000000c2b00000, 0x00000000c2b00000, 0x00000000c2c00000|  0%| F|  |TAMS 0x00000000c2b00000, 0x00000000c2b00000| Untracked 
|  14|0x00000000c2c00000, 0x00000000c2c00000, 0x00000000c2d00000|  0%| F|  |TAMS 0x00000000c2c00000, 0x00000000c2c00000| Untracked 
|  15|0x00000000c2d00000, 0x00000000c2d00000, 0x00000000c2e00000|  0%| F|  |TAMS 0x00000000c2d00000, 0x00000000c2d00000| Untracked 
|  16|0x00000000c2e00000, 0x00000000c2e00000, 0x00000000c2f00000|  0%| F|  |TAMS 0x00000000c2e00000, 0x00000000c2e00000| Untracked 
|  17|0x00000000c2f00000, 0x00000000c2f00000, 0x00000000c3000000|  0%| F|  |TAMS 0x00000000c2f00000, 0x00000000c2f00000| Untracked 
|  18|0x00000000c3000000, 0x00000000c3000000, 0x00000000c3100000|  0%| F|  |TAMS 0x00000000c3000000, 0x00000000c3000000| Untracked 
|  19|0x00000000c3100000, 0x00000000c3100000, 0x00000000c3200000|  0%| F|  |TAMS 0x00000000c3100000, 0x00000000c3100000| Untracked 
|  20|0x00000000c3200000, 0x00000000c3200000, 0x00000000c3300000|  0%| F|  |TAMS 0x00000000c3200000, 0x00000000c3200000| Untracked 
|  21|0x00000000c3300000, 0x00000000c3300000, 0x00000000c3400000|  0%| F|  |TAMS 0x00000000c3300000, 0x00000000c3300000| Untracked 
|  22|0x00000000c3400000, 0x00000000c3400000, 0x00000000c3500000|  0%| F|  |TAMS 0x00000000c3400000, 0x00000000c3400000| Untracked 
|  23|0x00000000c3500000, 0x00000000c3500000, 0x00000000c3600000|  0%| F|  |TAMS 0x00000000c3500000, 0x00000000c3500000| Untracked 
|  24|0x00000000c3600000, 0x00000000c3600000, 0x00000000c3700000|  0%| F|  |TAMS 0x00000000c3600000, 0x00000000c3600000| Untracked 
|  25|0x00000000c3700000, 0x00000000c3700000, 0x00000000c3800000|  0%| F|  |TAMS 0x00000000c3700000, 0x00000000c3700000| Untracked 
|  26|0x00000000c3800000, 0x00000000c3800000, 0x00000000c3900000|  0%| F|  |TAMS 0x00000000c3800000, 0x00000000c3800000| Untracked 
|  27|0x00000000c3900000, 0x00000000c3900000, 0x00000000c3a00000|  0%| F|  |TAMS 0x00000000c3900000, 0x00000000c3900000| Untracked 
|  28|0x00000000c3a00000, 0x00000000c3a00000, 0x00000000c3b00000|  0%| F|  |TAMS 0x00000000c3a00000, 0x00000000c3a00000| Untracked 
|  29|0x00000000c3b00000, 0x00000000c3b00000, 0x00000000c3c00000|  0%| F|  |TAMS 0x00000000c3b00000, 0x00000000c3b00000| Untracked 
|  30|0x00000000c3c00000, 0x00000000c3c00000, 0x00000000c3d00000|  0%| F|  |TAMS 0x00000000c3c00000, 0x00000000c3c00000| Untracked 
|  31|0x00000000c3d00000, 0x00000000c3d00000, 0x00000000c3e00000|  0%| F|  |TAMS 0x00000000c3d00000, 0x00000000c3d00000| Untracked 
|  32|0x00000000c3e00000, 0x00000000c3e00000, 0x00000000c3f00000|  0%| F|  |TAMS 0x00000000c3e00000, 0x00000000c3e00000| Untracked 
|  33|0x00000000c3f00000, 0x00000000c3f00000, 0x00000000c4000000|  0%| F|  |TAMS 0x00000000c3f00000, 0x00000000c3f00000| Untracked 
|  34|0x00000000c4000000, 0x00000000c4000000, 0x00000000c4100000|  0%| F|  |TAMS 0x00000000c4000000, 0x00000000c4000000| Untracked 
|  35|0x00000000c4100000, 0x00000000c4100000, 0x00000000c4200000|  0%| F|  |TAMS 0x00000000c4100000, 0x00000000c4100000| Untracked 
|  36|0x00000000c4200000, 0x00000000c4200000, 0x00000000c4300000|  0%| F|  |TAMS 0x00000000c4200000, 0x00000000c4200000| Untracked 
|  37|0x00000000c4300000, 0x00000000c4300000, 0x00000000c4400000|  0%| F|  |TAMS 0x00000000c4300000, 0x00000000c4300000| Untracked 
|  38|0x00000000c4400000, 0x00000000c4400000, 0x00000000c4500000|  0%| F|  |TAMS 0x00000000c4400000, 0x00000000c4400000| Untracked 
|  39|0x00000000c4500000, 0x00000000c4500000, 0x00000000c4600000|  0%| F|  |TAMS 0x00000000c4500000, 0x00000000c4500000| Untracked 
|  40|0x00000000c4600000, 0x00000000c4600000, 0x00000000c4700000|  0%| F|  |TAMS 0x00000000c4600000, 0x00000000c4600000| Untracked 
|  41|0x00000000c4700000, 0x00000000c4700000, 0x00000000c4800000|  0%| F|  |TAMS 0x00000000c4700000, 0x00000000c4700000| Untracked 
|  42|0x00000000c4800000, 0x00000000c4800000, 0x00000000c4900000|  0%| F|  |TAMS 0x00000000c4800000, 0x00000000c4800000| Untracked 
|  43|0x00000000c4900000, 0x00000000c4900000, 0x00000000c4a00000|  0%| F|  |TAMS 0x00000000c4900000, 0x00000000c4900000| Untracked 
|  44|0x00000000c4a00000, 0x00000000c4a00000, 0x00000000c4b00000|  0%| F|  |TAMS 0x00000000c4a00000, 0x00000000c4a00000| Untracked 
|  45|0x00000000c4b00000, 0x00000000c4b00000, 0x00000000c4c00000|  0%| F|  |TAMS 0x00000000c4b00000, 0x00000000c4b00000| Untracked 
|  46|0x00000000c4c00000, 0x00000000c4c00000, 0x00000000c4d00000|  0%| F|  |TAMS 0x00000000c4c00000, 0x00000000c4c00000| Untracked 
|  47|0x00000000c4d00000, 0x00000000c4d00000, 0x00000000c4e00000|  0%| F|  |TAMS 0x00000000c4d00000, 0x00000000c4d00000| Untracked 
|  48|0x00000000c4e00000, 0x00000000c4e00000, 0x00000000c4f00000|  0%| F|  |TAMS 0x00000000c4e00000, 0x00000000c4e00000| Untracked 
|  49|0x00000000c4f00000, 0x00000000c4f00000, 0x00000000c5000000|  0%| F|  |TAMS 0x00000000c4f00000, 0x00000000c4f00000| Untracked 
|  50|0x00000000c5000000, 0x00000000c5000000, 0x00000000c5100000|  0%| F|  |TAMS 0x00000000c5000000, 0x00000000c5000000| Untracked 
|  51|0x00000000c5100000, 0x00000000c5100000, 0x00000000c5200000|  0%| F|  |TAMS 0x00000000c5100000, 0x00000000c5100000| Untracked 
|  52|0x00000000c5200000, 0x00000000c5200000, 0x00000000c5300000|  0%| F|  |TAMS 0x00000000c5200000, 0x00000000c5200000| Untracked 
|  53|0x00000000c5300000, 0x00000000c5300000, 0x00000000c5400000|  0%| F|  |TAMS 0x00000000c5300000, 0x00000000c5300000| Untracked 
|  54|0x00000000c5400000, 0x00000000c5400000, 0x00000000c5500000|  0%| F|  |TAMS 0x00000000c5400000, 0x00000000c5400000| Untracked 
|  55|0x00000000c5500000, 0x00000000c5500000, 0x00000000c5600000|  0%| F|  |TAMS 0x00000000c5500000, 0x00000000c5500000| Untracked 
|  56|0x00000000c5600000, 0x00000000c5600000, 0x00000000c5700000|  0%| F|  |TAMS 0x00000000c5600000, 0x00000000c5600000| Untracked 
|  57|0x00000000c5700000, 0x00000000c5700000, 0x00000000c5800000|  0%| F|  |TAMS 0x00000000c5700000, 0x00000000c5700000| Untracked 
|  58|0x00000000c5800000, 0x00000000c5885a40, 0x00000000c5900000| 52%| E|  |TAMS 0x00000000c5800000, 0x00000000c5800000| Complete 
|  59|0x00000000c5900000, 0x00000000c5a00000, 0x00000000c5a00000|100%| E|CS|TAMS 0x00000000c5900000, 0x00000000c5900000| Complete 
|  60|0x00000000c5a00000, 0x00000000c5b00000, 0x00000000c5b00000|100%| E|CS|TAMS 0x00000000c5a00000, 0x00000000c5a00000| Complete 
|  61|0x00000000c5b00000, 0x00000000c5c00000, 0x00000000c5c00000|100%| E|CS|TAMS 0x00000000c5b00000, 0x00000000c5b00000| Complete 
|  62|0x00000000c5c00000, 0x00000000c5d00000, 0x00000000c5d00000|100%| E|CS|TAMS 0x00000000c5c00000, 0x00000000c5c00000| Complete 
|  63|0x00000000c5d00000, 0x00000000c5e00000, 0x00000000c5e00000|100%| E|CS|TAMS 0x00000000c5d00000, 0x00000000c5d00000| Complete 

Card table byte_map: [0x00000227a01f0000,0x00000227a03f0000] _byte_map_base: 0x000002279fbe1000

Marking Bits (Prev, Next): (CMBitMap*) 0x00000227890d09d0, (CMBitMap*) 0x00000227890d0a10
 Prev Bits: [0x00000227a05f0000, 0x00000227a1578000)
 Next Bits: [0x00000227a1580000, 0x00000227a2508000)

Polling page: 0x0000022786fc0000

Metaspace:

Usage:
  Non-class:      3.84 MB used.
      Class:    469.34 KB used.
       Both:      4.30 MB used.

Virtual space:
  Non-class space:       64.00 MB reserved,       3.94 MB (  6%) committed,  1 nodes.
      Class space:        1.00 GB reserved,     576.00 KB ( <1%) committed,  1 nodes.
             Both:        1.06 GB reserved,       4.50 MB ( <1%) committed. 

Chunk freelists:
   Non-Class:  3.88 MB
       Class:  3.50 MB
        Both:  7.38 MB

MaxMetaspaceSize: unlimited
CompressedClassSpaceSize: 1.00 GB
Initial GC threshold: 21.00 MB
Current GC threshold: 21.00 MB
CDS: on
MetaspaceReclaimPolicy: balanced
 - commit_granule_bytes: 65536.
 - commit_granule_words: 8192.
 - virtual_space_node_default_size: 8388608.
 - enlarge_chunks_in_place: 1.
 - new_chunks_are_fully_committed: 0.
 - uncommit_free_chunks: 1.
 - use_allocation_guard: 0.


Internal statistics:

num_allocs_failed_limit: 0.
num_arena_births: 116.
num_arena_deaths: 0.
num_vsnodes_births: 2.
num_vsnodes_deaths: 0.
num_space_committed: 72.
num_space_uncommitted: 0.
num_chunks_returned_to_freelist: 0.
num_chunks_taken_from_freelist: 120.
num_chunk_merges: 0.
num_chunk_splits: 86.
num_chunks_enlarged: 57.
num_inconsistent_stats: 0.

CodeHeap 'non-profiled nmethods': size=120000Kb used=156Kb max_used=156Kb free=119843Kb
 bounds [0x0000022798ac0000, 0x0000022798d30000, 0x000002279fff0000]
CodeHeap 'profiled nmethods': size=120000Kb used=776Kb max_used=776Kb free=119223Kb
 bounds [0x0000022790ff0000, 0x0000022791260000, 0x0000022798520000]
CodeHeap 'non-nmethods': size=5760Kb used=1285Kb max_used=1287Kb free=4474Kb
 bounds [0x0000022798520000, 0x0000022798790000, 0x0000022798ac0000]
 total_blobs=1038 nmethods=533 adapters=416
 compilation: enabled
              stopped_count=0, restarted_count=0
 full_count=0

Compilation events (20 events):
Event: 0.347 Thread 0x00000227a49845b0  511       3       java.lang.StringConcatHelper::mix (27 bytes)
Event: 0.348 Thread 0x00000227a49845b0 nmethod 511 0x00000227910a2190 code [0x00000227910a2360, 0x00000227910a2768]
Event: 0.348 Thread 0x00000227a49845b0  512       1       java.lang.reflect.Field::getName (5 bytes)
Event: 0.348 Thread 0x00000227a49845b0 nmethod 512 0x0000022798ae6910 code [0x0000022798ae6aa0, 0x0000022798ae6b58]
Event: 0.348 Thread 0x00000227a49845b0  513       3       java.lang.ref.Reference::<init> (7 bytes)
Event: 0.348 Thread 0x00000227a49845b0 nmethod 513 0x00000227910a2910 code [0x00000227910a2ac0, 0x00000227910a2d78]
Event: 0.350 Thread 0x00000227a49845b0  515       3       sun.util.logging.PlatformLogger::isLoggable (23 bytes)
Event: 0.351 Thread 0x00000227a49845b0 nmethod 515 0x00000227910a2e90 code [0x00000227910a3060, 0x00000227910a3338]
Event: 0.351 Thread 0x00000227a49845b0  516       3       jdk.internal.logger.AbstractLoggerWrapper::isLoggable (26 bytes)
Event: 0.351 Thread 0x00000227a49845b0 nmethod 516 0x00000227910a3410 code [0x00000227910a3600, 0x00000227910a3b98]
Event: 0.351 Thread 0x00000227a497cdd0  517       4       java.lang.StringLatin1::replace (198 bytes)
Event: 0.352 Thread 0x00000227a49845b0  518       3       java.util.concurrent.ConcurrentHashMap$Traverser::advance (188 bytes)
Event: 0.352 Thread 0x00000227a49845b0 nmethod 518 0x00000227910a3d10 code [0x00000227910a3f60, 0x00000227910a4b48]
Event: 0.352 Thread 0x00000227a49845b0  519       3       jdk.internal.jimage.ImageLocation::readValue (61 bytes)
Event: 0.353 Thread 0x00000227a49845b0 nmethod 519 0x00000227910a4e10 code [0x00000227910a4fe0, 0x00000227910a53b8]
Event: 0.353 Thread 0x00000227a49845b0  521       1       jdk.internal.jimage.ImageHeader::getTableLength (5 bytes)
Event: 0.353 Thread 0x00000227a49845b0 nmethod 521 0x0000022798ae6f10 code [0x0000022798ae70a0, 0x0000022798ae7158]
Event: 0.361 Thread 0x00000227a49845b0  522       3       java.lang.CharacterDataLatin1::getProperties (11 bytes)
Event: 0.362 Thread 0x00000227a49845b0 nmethod 522 0x00000227910a5590 code [0x00000227910a5720, 0x00000227910a5858]
Event: 0.362 Thread 0x00000227a49845b0  523       3       java.lang.CharacterData::of (136 bytes)

GC Heap History (0 events):
No events

Dll operation events (6 events):
Event: 0.004 Loaded shared library C:\Program Files\Java\jdk-19\bin\java.dll
Event: 0.011 Loaded shared library C:\Program Files\Java\jdk-19\bin\jsvml.dll
Event: 0.073 Loaded shared library C:\Program Files\Java\jdk-19\bin\net.dll
Event: 0.075 Loaded shared library C:\Program Files\Java\jdk-19\bin\nio.dll
Event: 0.108 Loaded shared library C:\Program Files\Java\jdk-19\bin\jimage.dll
Event: 0.139 Loaded shared library C:\Program Files\Java\jdk-19\bin\awt.dll

Deoptimization events (4 events):
Event: 0.280 Thread 0x000002278908e5e0 Uncommon trap: trap_request=0xffffff45 fr.pc=0x0000022798acfc54 relative=0x0000000000000bb4
Event: 0.280 Thread 0x000002278908e5e0 Uncommon trap: reason=unstable_if action=reinterpret pc=0x0000022798acfc54 method=java.util.HashMap.putVal(ILjava/lang/Object;Ljava/lang/Object;ZZ)Ljava/lang/Object; @ 81 c2
Event: 0.280 Thread 0x000002278908e5e0 DEOPT PACKING pc=0x0000022798acfc54 sp=0x00000038b5bfe050
Event: 0.280 Thread 0x000002278908e5e0 DEOPT UNPACKING pc=0x0000022798586da3 sp=0x00000038b5bfe000 mode 2

Classes loaded (20 events):
Event: 0.360 Loading class sun/net/ProgressMonitor
Event: 0.360 Loading class sun/net/ProgressMonitor done
Event: 0.360 Loading class sun/net/DefaultProgressMeteringPolicy
Event: 0.360 Loading class sun/net/ProgressMeteringPolicy
Event: 0.360 Loading class sun/net/ProgressMeteringPolicy done
Event: 0.360 Loading class sun/net/DefaultProgressMeteringPolicy done
Event: 0.360 Loading class java/net/URLConnection$1
Event: 0.360 Loading class java/net/FileNameMap
Event: 0.360 Loading class java/net/FileNameMap done
Event: 0.360 Loading class java/net/URLConnection$1 done
Event: 0.360 Loading class sun/net/www/MimeTable
Event: 0.361 Loading class sun/net/www/MimeTable done
Event: 0.361 Loading class sun/net/www/MimeTable$1
Event: 0.361 Loading class sun/net/www/MimeTable$1 done
Event: 0.361 Loading class sun/net/www/MimeTable$2
Event: 0.361 Loading class sun/net/www/MimeTable$2 done
Event: 0.361 Loading class sun/net/www/MimeTable$DefaultInstanceHolder
Event: 0.361 Loading class sun/net/www/MimeTable$DefaultInstanceHolder done
Event: 0.361 Loading class sun/net/www/MimeTable$DefaultInstanceHolder$1
Event: 0.361 Loading class sun/net/www/MimeTable$DefaultInstanceHolder$1 done

Classes unloaded (0 events):
No events

Classes redefined (0 events):
No events

Internal exceptions (13 events):
Event: 0.076 Thread 0x000002278908e5e0 Exception <a 'sun/nio/fs/WindowsException'{0x00000000c5c40170}> (0x00000000c5c40170) 
thrown [s\open\src\hotspot\share\prims\jni.cpp, line 517]
Event: 0.077 Thread 0x000002278908e5e0 Exception <a 'sun/nio/fs/WindowsException'{0x00000000c5c406b0}> (0x00000000c5c406b0) 
thrown [s\open\src\hotspot\share\prims\jni.cpp, line 517]
Event: 0.078 Thread 0x000002278908e5e0 Exception <a 'sun/nio/fs/WindowsException'{0x00000000c5c429a8}> (0x00000000c5c429a8) 
thrown [s\open\src\hotspot\share\prims\jni.cpp, line 517]
Event: 0.114 Thread 0x000002278908e5e0 Exception <a 'java/lang/ClassNotFoundException'{0x00000000c5b24fa8}: sun/awt/resources/spi/awtProvider> (0x00000000c5b24fa8) 
thrown [s\open\src\hotspot\share\classfile\systemDictionary.cpp, line 255]
Event: 0.153 Thread 0x000002278908e5e0 Exception <a 'java/io/FileNotFoundException'{0x00000000c5b7ca90}> (0x00000000c5b7ca90) 
thrown [s\open\src\hotspot\share\prims\jni.cpp, line 517]
Event: 0.159 Thread 0x000002278908e5e0 Exception <a 'java/io/FileNotFoundException'{0x00000000c5ba93c0}> (0x00000000c5ba93c0) 
thrown [s\open\src\hotspot\share\prims\jni.cpp, line 517]
Event: 0.197 Thread 0x000002278908e5e0 Exception <a 'java/lang/NoSuchMethodError'{0x00000000c5bee2a0}: 'java.lang.Object java.lang.invoke.DirectMethodHandle$Holder.invokeStaticInit(java.lang.Object)'> (0x00000000c5bee2a0) 
thrown [s\open\src\hotspot\share\interpreter\linkResolver.cpp, line 774]
Event: 0.282 Thread 0x000002278908e5e0 Exception <a 'java/lang/NoSuchMethodError'{0x00000000c5ac8b78}: 'void java.lang.invoke.DirectMethodHandle$Holder.invokeSpecial(java.lang.Object, java.lang.Object, java.lang.Object)'> (0x00000000c5ac8b78) 
thrown [s\open\src\hotspot\share\interpreter\linkResolver.cpp, line 774]
Event: 0.296 Thread 0x000002278908e5e0 Exception <a 'java/lang/NoSuchMethodError'{0x00000000c5af3688}: 'java.lang.Object java.lang.invoke.DirectMethodHandle$Holder.newInvokeSpecial(java.lang.Object, java.lang.Object, java.lang.Object, java.lang.Object, java.lang.Object)'> (0x00000000c5af3688) 
thrown [s\open\src\hotspot\share\interpreter\linkResolver.cpp, line 774]
Event: 0.305 Thread 0x000002278908e5e0 Exception <a 'java/lang/NoSuchMethodError'{0x00000000c5925800}: 'java.lang.Object java.lang.invoke.DirectMethodHandle$Holder.invokeStatic(java.lang.Object, int, java.lang.Object)'> (0x00000000c5925800) 
thrown [s\open\src\hotspot\share\interpreter\linkResolver.cpp, line 774]
Event: 0.339 Thread 0x000002278908e5e0 Exception <a 'java/lang/ClassNotFoundException'{0x00000000c59e1d30}: com/sun/swing/internal/plaf/metal/resources/spi/metalProvider> (0x00000000c59e1d30) 
thrown [s\open\src\hotspot\share\classfile\systemDictionary.cpp, line 255]
Event: 0.340 Thread 0x000002278908e5e0 Exception <a 'java/lang/ClassNotFoundException'{0x00000000c59e5d00}: com/sun/swing/internal/plaf/basic/resources/spi/basicProvider> (0x00000000c59e5d00) 
thrown [s\open\src\hotspot\share\classfile\systemDictionary.cpp, line 255]
Event: 0.349 Thread 0x000002278908e5e0 Exception <a 'java/lang/NoSuchMethodError'{0x00000000c5805f20}: 'int java.lang.invoke.Invokers$Holder.invokeExact_MT(java.lang.Object, java.lang.Object)'> (0x00000000c5805f20) 
thrown [s\open\src\hotspot\share\interpreter\linkResolver.cpp, line 774]

VM Operations (6 events):
Event: 0.080 Executing VM operation: HandshakeAllThreads
Event: 0.080 Executing VM operation: HandshakeAllThreads done
Event: 0.106 Executing VM operation: HandshakeAllThreads
Event: 0.106 Executing VM operation: HandshakeAllThreads done
Event: 0.166 Executing VM operation: HandshakeAllThreads
Event: 0.166 Executing VM operation: HandshakeAllThreads done

Events (16 events):
Event: 0.011 Thread 0x000002278908e5e0 Thread added: 0x000002278908e5e0
Event: 0.023 Thread 0x00000227a496ea00 Thread added: 0x00000227a496ea00
Event: 0.023 Thread 0x00000227a496f5f0 Thread added: 0x00000227a496f5f0
Event: 0.024 Thread 0x00000227a4970cc0 Thread added: 0x00000227a4970cc0
Event: 0.024 Thread 0x00000227a4975780 Thread added: 0x00000227a4975780
Event: 0.024 Thread 0x00000227a49760b0 Thread added: 0x00000227a49760b0
Event: 0.024 Thread 0x00000227a49769e0 Thread added: 0x00000227a49769e0
Event: 0.024 Thread 0x00000227a497cdd0 Thread added: 0x00000227a497cdd0
Event: 0.024 Thread 0x00000227a49845b0 Thread added: 0x00000227a49845b0
Event: 0.025 Thread 0x00000227a497f890 Thread added: 0x00000227a497f890
Event: 0.055 Thread 0x00000227a4a3e800 Thread added: 0x00000227a4a3e800
Event: 0.094 Thread 0x00000227a8cdc230 Thread added: 0x00000227a8cdc230
Event: 0.198 Thread 0x00000227a8ea1f30 Thread added: 0x00000227a8ea1f30
Event: 0.199 Thread 0x00000227a8ea4f30 Thread added: 0x00000227a8ea4f30
Event: 0.201 Thread 0x00000227a8ea7f30 Thread added: 0x00000227a8ea7f30
Event: 0.357 Thread 0x00000227a8edefa0 Thread added: 0x00000227a8edefa0


Dynamic libraries:
0x00007ff7ad270000 - 0x00007ff7ad280000 	C:\Program Files\Java\jdk-19\bin\java.exe
0x00007ffc2afb0000 - 0x00007ffc2b181000 	C:\Windows\SYSTEM32\ntdll.dll
0x00007ffc2af00000 - 0x00007ffc2afab000 	C:\Windows\System32\KERNEL32.DLL
0x00007ffc27780000 - 0x00007ffc2799d000 	C:\Windows\System32\KERNELBASE.dll
0x00007ffc274a0000 - 0x00007ffc27595000 	C:\Windows\System32\ucrtbase.dll
0x00007ffc14870000 - 0x00007ffc14888000 	C:\Program Files\Java\jdk-19\bin\jli.dll
0x00007ffc1c370000 - 0x00007ffc1c38b000 	C:\Program Files\Java\jdk-19\bin\VCRUNTIME140.dll
0x00007ffc28e90000 - 0x00007ffc28f32000 	C:\Windows\System32\ADVAPI32.dll
0x00007ffc28f40000 - 0x00007ffc28fde000 	C:\Windows\System32\msvcrt.dll
0x00007ffc29990000 - 0x00007ffc299e9000 	C:\Windows\System32\sechost.dll
0x00007ffc29860000 - 0x00007ffc29981000 	C:\Windows\System32\RPCRT4.dll
0x00007ffc29610000 - 0x00007ffc29775000 	C:\Windows\System32\USER32.dll
0x00007ffc27be0000 - 0x00007ffc27bfe000 	C:\Windows\System32\win32u.dll
0x00007ffc297b0000 - 0x00007ffc297e4000 	C:\Windows\System32\GDI32.dll
0x00007ffc1cc50000 - 0x00007ffc1cec9000 	C:\Windows\WinSxS\amd64_microsoft.windows.common-controls_6595b64144ccf1df_6.0.14393.447_none_42191651c6827bb3\COMCTL32.dll
0x00007ffc275a0000 - 0x00007ffc27722000 	C:\Windows\System32\gdi32full.dll
0x00007ffc28680000 - 0x00007ffc28947000 	C:\Windows\System32\combase.dll
0x00007ffc279a0000 - 0x00007ffc27a0a000 	C:\Windows\System32\bcryptPrimitives.dll
0x00007ffc19f80000 - 0x00007ffc19f8a000 	C:\Windows\SYSTEM32\VERSION.dll
0x00007ffc29780000 - 0x00007ffc297ae000 	C:\Windows\System32\IMM32.DLL
0x00007ffc1dac0000 - 0x00007ffc1dacc000 	C:\Program Files\Java\jdk-19\bin\vcruntime140_1.dll
0x00007ffc16a50000 - 0x00007ffc16ade000 	C:\Program Files\Java\jdk-19\bin\msvcp140.dll
0x00007ffc16d60000 - 0x00007ffc17a20000 	C:\Program Files\Java\jdk-19\bin\server\jvm.dll
0x00007ffc1c5b0000 - 0x00007ffc1c5b9000 	C:\Windows\SYSTEM32\WSOCK32.dll
0x00007ffc24e10000 - 0x00007ffc24e33000 	C:\Windows\SYSTEM32\WINMM.dll
0x00007ffc28fe0000 - 0x00007ffc2904a000 	C:\Windows\System32\WS2_32.dll
0x00007ffc24de0000 - 0x00007ffc24e0b000 	C:\Windows\SYSTEM32\WINMMBASE.dll
0x00007ffc27730000 - 0x00007ffc27772000 	C:\Windows\System32\cfgmgr32.dll
0x00007ffc27490000 - 0x00007ffc2749f000 	C:\Windows\System32\kernel.appcore.dll
0x00007ffc1c360000 - 0x00007ffc1c36a000 	C:\Program Files\Java\jdk-19\bin\jimage.dll
0x00007ffc26fe0000 - 0x00007ffc27172000 	C:\Windows\SYSTEM32\DBGHELP.DLL
0x00007ffc26f30000 - 0x00007ffc26f59000 	C:\Windows\SYSTEM32\dbgcore.DLL
0x00007ffc1bd10000 - 0x00007ffc1bd36000 	C:\Program Files\Java\jdk-19\bin\java.dll
0x00007ffc16c80000 - 0x00007ffc16d57000 	C:\Program Files\Java\jdk-19\bin\jsvml.dll
0x00007ffc299f0000 - 0x00007ffc2aef9000 	C:\Windows\System32\SHELL32.dll
0x00007ffc27c00000 - 0x00007ffc282da000 	C:\Windows\System32\windows.storage.dll
0x00007ffc27440000 - 0x00007ffc2748c000 	C:\Windows\System32\powrprof.dll
0x00007ffc28e30000 - 0x00007ffc28e82000 	C:\Windows\System32\shlwapi.dll
0x00007ffc28340000 - 0x00007ffc283e9000 	C:\Windows\System32\shcore.dll
0x00007ffc27420000 - 0x00007ffc27434000 	C:\Windows\System32\profapi.dll
0x00007ffc1a190000 - 0x00007ffc1a1a3000 	C:\Program Files\Java\jdk-19\bin\net.dll
0x00007ffc1dc90000 - 0x00007ffc1dd5d000 	C:\Windows\SYSTEM32\WINHTTP.dll
0x00007ffc26930000 - 0x00007ffc2698c000 	C:\Windows\system32\mswsock.dll
0x00007ffc18140000 - 0x00007ffc18156000 	C:\Program Files\Java\jdk-19\bin\nio.dll
0x00007ffc16ae0000 - 0x00007ffc16c71000 	C:\Program Files\Java\jdk-19\bin\awt.dll
0x00007ffc29550000 - 0x00007ffc2960f000 	C:\Windows\System32\OLEAUT32.dll
0x00007ffc284a0000 - 0x00007ffc2853c000 	C:\Windows\System32\msvcp_win.dll
0x00007ffc25690000 - 0x00007ffc2570a000 	C:\Windows\SYSTEM32\apphelp.dll
0x00007ffc24d60000 - 0x00007ffc24d86000 	C:\Windows\system32\DWMAPI.DLL
0x00007ffc25830000 - 0x00007ffc258c5000 	C:\Windows\system32\uxtheme.dll
0x00007ffc16920000 - 0x00007ffc16a43000 	C:\Windows\system32\opengl32.dll
0x00007ffc168f0000 - 0x00007ffc1691d000 	C:\Windows\SYSTEM32\GLU32.dll
0x00007ffc0dd60000 - 0x00007ffc0de57000 	C:\Windows\SYSTEM32\DDRAW.dll
0x00007ffc1a1f0000 - 0x00007ffc1a1f8000 	C:\Windows\SYSTEM32\DCIMAN32.dll
0x00007ffc29080000 - 0x00007ffc291db000 	C:\Windows\System32\MSCTF.dll
0x00007ffc28540000 - 0x00007ffc28677000 	C:\Windows\System32\ole32.dll

dbghelp: loaded successfully - version: 4.0.5 - missing functions: none
symbol engine: initialized successfully - sym options: 0x614 - pdb path: .;C:\Program Files\Java\jdk-19\bin;C:\Windows\SYSTEM32;C:\Windows\WinSxS\amd64_microsoft.windows.common-controls_6595b64144ccf1df_6.0.14393.447_none_42191651c6827bb3;C:\Program Files\Java\jdk-19\bin\server

VM Arguments:
jvm_args: -Dfile.encoding=UTF-8 --module-path=C:\Users\dc\Documents\NetBeansProjects\QUIZ Application\build\classes 
java_command: quiz.application.Quiz
java_class_path (initial): C:\Users\dc\Documents\NetBeansProjects\QUIZ Application\build\classes
Launcher Type: SUN_STANDARD

[Global flags]
     intx CICompilerCount                          = 3                                         {product} {ergonomic}
     uint ConcGCThreads                            = 1                                         {product} {ergonomic}
     uint G1ConcRefinementThreads                  = 4                                         {product} {ergonomic}
   size_t G1HeapRegionSize                         = 1048576                                   {product} {ergonomic}
    uintx GCDrainStackTargetSize                   = 64                                        {product} {ergonomic}
   size_t InitialHeapSize                          = 67108864                                  {product} {ergonomic}
   size_t MarkStackSize                            = 4194304                                   {product} {ergonomic}
   size_t MaxHeapSize                              = 1042284544                                {product} {ergonomic}
   size_t MaxNewSize                               = 624951296                                 {product} {ergonomic}
   size_t MinHeapDeltaBytes                        = 1048576                                   {product} {ergonomic}
   size_t MinHeapSize                              = 8388608                                   {product} {ergonomic}
    uintx NonNMethodCodeHeapSize                   = 5832780                                {pd product} {ergonomic}
    uintx NonProfiledCodeHeapSize                  = 122912730                              {pd product} {ergonomic}
    uintx ProfiledCodeHeapSize                     = 122912730                              {pd product} {ergonomic}
    uintx ReservedCodeCacheSize                    = 251658240                              {pd product} {ergonomic}
     bool SegmentedCodeCache                       = true                                      {product} {ergonomic}
   size_t SoftMaxHeapSize                          = 1042284544                             {manageable} {ergonomic}
     bool UseCompressedClassPointers               = true                           {product lp64_product} {ergonomic}
     bool UseCompressedOops                        = true                           {product lp64_product} {ergonomic}
     bool UseG1GC                                  = true                                      {product} {ergonomic}
     bool UseLargePagesIndividualAllocation        = false                                  {pd product} {ergonomic}

Logging:
Log output configuration:
 #0: stdout all=warning uptime,level,tags foldmultilines=false
 #1: stderr all=off uptime,level,tags foldmultilines=false

Environment Variables:
JAVA_HOME=C:\Program Files\Java\jdk-14
PATH=C:\Program Files\Common Files\Oracle\Java\javapath;C:\Windows\system32;C:\Windows;C:\Windows\System32\Wbem;C:\Windows\System32\WindowsPowerShell\v1.0\;C:\MinGW\bin;C:\Program Files\java\jdk-14\bin;C:\Program Files\Java\jdk-19\bin;C:\Program Files\MySQL\MySQL Server 8.0\bin;C:\Program Files\MySQL\MySQL Shell 8.0\bin\;C:\Users\dc\AppData\Local\Microsoft\WindowsApps;C:\Program Files\JetBrains\IntelliJ IDEA Community Edition 2022.2.3\bin;;C:\Users\dc\AppData\Local\Programs\Microsoft VS Code\bin;
USERNAME=dc
OS=Windows_NT
PROCESSOR_IDENTIFIER=Intel64 Family 6 Model 142 Stepping 9, GenuineIntel
TMP=C:\Users\dc\AppData\Local\Temp
TEMP=C:\Users\dc\AppData\Local\Temp



---------------  S Y S T E M  ---------------

OS:
 Windows 10 , 64 bit Build 14393 (10.0.14393.0)
OS uptime: 1 days 5:02 hours

CPU: total 4 (initial active 4) (2 cores per cpu, 2 threads per core) family 6 model 142 stepping 9 microcode 0x84, cx8, cmov, fxsr, ht, mmx, 3dnowpref, sse, sse2, sse3, ssse3, sse4.1, sse4.2, popcnt, lzcnt, tsc, tscinvbit, avx, avx2, aes, erms, clmul, bmi1, bmi2, adx, fma, vzeroupper, clflush, clflushopt, rdtscp

Memory: 4k page, system-wide physical 3973M (784M free)
TotalPageFile size 16261M (AvailPageFile size 1M)
current process WorkingSet (physical memory assigned to process): 47M, peak: 47M
current process commit charge ("private bytes"): 143M, peak: 143M

vm_info: Java HotSpot(TM) 64-Bit Server VM (19+36-2238) for windows-amd64 JRE (19+36-2238), built on 2022-08-12T20:29:01Z by "mach5one" with MS VC++ 17.1 (VS2022)

END.
